576 errors.rb
358 error.rb
240 error.png
169 Zend_Controller-Plugins-ErrorHandler.xml
153 load_error.rb
151 name_error.rb
148 template_error.erb
142 routing_error.erb
136 base_errors_test.rb
122 template_error.rb
100 error.php
96 icon-error.gif
86 raise_error.rb
80 syntax_error_example.rb
80 error_generator.rb
78 raise_error_spec.rb
75 customized_error_messages.png
75 error_messages.png
75 validation_error_messages.png
74 error.gsp
74 errors_on_spec.rb
72 spec_with_errors.rb
72 test_case_with_errors.rb
65 error-tip-corners.gif
63 Error.php
57 raises_name_error.rb
57 raises_no_method_error.rb
57 name_error_test.rb
57 error.gif
55 error.py
55 error.c
54 load_error_test.rb
53 TokenMgrError.java
51 error.h
51 errors.py
49 feed_error.png
48 errors.php
47 deprecated_error_methods.rb
47 ErrorController.php
45 error_add.png
44 loaderror.html
43 error.html.erb
43 page_white_error.png
43 mysqld_error.h
43 mapped_error_test.rb
42 folder_error.png
42 bullet_error.png
42 error_delete.png
42 error_go.png
41 brick_error.png
41 chart_line_error.png
41 page_error.png
41 transmit_error.png
41 table_error.png
40 expectation_error.rb
40 bug_error.png
40 application_error.png
40 cog_error.png
40 date_error.png
40 email_error.png
40 group_error.png
40 link_error.png
40 monitor_error.png
40 script_error.png
40 action_with_errors_in_template.rhtml
39 shape_square_error.png
39 basket_error.png
39 bell_error.png
39 book_error.png
39 building_error.png
39 calculator_error.png
39 camera_error.png
39 cart_error.png
39 chart_bar_error.png
39 chart_curve_error.png
39 chart_pie_error.png
39 clock_error.png
39 computer_error.png
39 cup_error.png
39 database_error.png
39 film_error.png
39 layout_error.png
39 lorry_error.png
39 mouse_error.png
39 note_error.png
39 picture_error.png
39 plugin_error.png
39 printer_error.png
39 server_error.png
39 telephone_error.png
38 joystick_error.png
38 drive_error.png
37 error.css
37 error_handling_spec.rb
37 controller_error.png
37 dvd_error.png
37 webcam_error.png
36 action_with_errors_in_template.html.erb
35 syntax_error.rb
35 expect_error.feature
35 errorIcon.png
35 Errors.h
34 libgpg-error.rb
34 ErrorHandler.php
33 errors.html
31 Error.aspx
30 stubbing_error.rb
30 stubbing_error_backtrace_test.rb
27 error.phtml
27 TTErrorView.m
27 TTErrorView.h
27 returnError.xml
25 error.haml
24 error404.ctp
24 error.html
24 errors.html.erb
24 test_fileerror.mo
23 strerror.c
23 icon_error.gif
23 protocolerror.rb
22 internal_server_error.html.erb
22 error.erb
21 tinyxmlerror.cpp
21 error_log.php
21 FormErrors.php
21 kohana_error_page.php
21 ErrorHandlerTest.php
21 ErrorTest.php
20 scaffold_error.ctp
20 gateway_error.rb
20 custom_error_test.rb
20 errors.tpl
20 error.po
19 watchdog-error.png
19 errors_spec.rb
19 error_spec.rb
19 error_logging.xml
18 error_404.php
18 Errors.html
18 errors.h
18 error.test.php
18 facebook_pretty_errors.rb
17 tpl.database-error.php
17 tpl.error.php
17 tpl.xslt-error.php
17 flash-error.png
17 dialog-error.png
17 error.js
16 error_db.php
16 error_general.php
16 error_php.php
16 error_message.rb
16 Errors.php
16 debugging.errors.md
16 binutils-uclibc-300-006_better_file_error.patch
15 error_message_test.rb
15 noticed_error.rb
15 error_collector.rb
15 binutils-2.16.91.0.6-objcopy-rename-errorcode.patch
15 error.tpl
15 DisplayErrors.php
14 error.log
14 Error.pm
14 validation_errors.rb
14 error.hpp
14 errors.aw
13 errors_test.php
13 parse_error_test.php
13 test_with_parse_error.php
13 error_test.rb
13 deals_with_http_error_codes.feature
13 errors.rb.svn-base
13 300-006_better_file_error.patch
13 error.sass
13 error_message_spec.rb
13 error404.phtml
12 validation-error.png
12 el-070722-comment-error.php
12 ind-0-error.php
12 tc_streamError.rb
12 ErrorStack.php
12 tc_error.rb
12 errors.xml
12 client_error.html.erb
12 error.builder
12 error.jsp
12 error.liquid
12 error_log
12 error.pyc
11 regerror.c
11 Error.html
11 Errors.py
11 error500.ctp
11 kohana_errors.css
11 kohana_error_disabled.php
11 raise_value_error.html.erb
11 hidden_error.html.erb
11 raises_error_if_not_boolean.html.erb
11 raises_error_if_on_off_and_boolean_false.html.erb
11 template_error.rhtml
11 error.tmpl
11 error500.phtml
11 errorNoUserExists
11 errorResponseStatusError
10 errors.c
10 Error.h
10 shipping_error.rb
10 Core.CollectErrors.txt
10 warn_error.png
10 assertionfailederror.rb
10 xml-errors.xml
10 AssertionFailedError.as
10 ClassNotFoundError.as
10 InstanceNotFoundError.as
10 UnimplementedFeatureError.as
10 error_handler.beam
10 error_logger.beam
10 standard_error.beam
10 error_logger_file_h.beam
10 error_logger_tty_h.beam
10 erl_error.xml
10 erl_error.c
10 erl_error.h
10 ic_error.erl
10 error_handler.xml
10 error_logger.xml
10 error_handler.erl
10 error_logger.erl
10 standard_error.erl
10 error_handling.xml
10 error-index.gif
10 percept_error_handler.js
10 snmpa_error.xml
10 snmpa_error_io.xml
10 snmpa_error_logger.xml
10 snmpa_error_report.xml
10 snmpa_error.erl
10 snmpa_error_io.erl
10 snmpa_error_logger.erl
10 snmpa_error_report.erl
10 Bitsindex-error.mib
10 Oid1-error.mib
10 Table1-error.mib
10 Type-error.mib
10 error_logger_file_h.erl
10 error_logger_tty_h.erl
10 advanced_errors.gemspec
10 advanced_errors.rb
10 error_obj.gif
10 errors.texttest
10 ErrorsController.groovy
9 Error.java
9 class.errorhandler.php
9 _error.rhtml
9 ErrorHandler.pm
9 errorexception.rb
9 SDL_error.h
9 error_SUITE.erl
9 error_logger_SUITE.erl
9 error_logger_warn_SUITE.erl
9 app_start_error.erl
9 error_logger_forwarder.erl
9 compile_error
9 lint_error
9 adodb-error.inc.php
9 adodb-errorhandler.inc.php
9 adodb-errorpear.inc.php
9 error_rb.html
9 test_dojo_data_model_processError.html
9 errors.tpl.php
9 generalerror.vm
9 error.js.rjs
9 ErrorsTest.php
9 AutoloadDoesNotHideParseError.php
9 ParseError.php
9 TestBlogInfoError.xml
9 TestBlogInfoErrorUrlNotWeblog.xml
9 TestBlogPostTagsError.xml
9 TestBlogPostTagsErrorUrlNotWeblog.xml
9 TestCosmosError.xml
9 TestError.xml
9 TestKeyInfoError.xml
9 TestTagError.xml
9 FormErrorsTest.php
9 errors.factor
8 errors_rb.html
8 fdt_strerror.c
8 known_errors.inc
8 ErrorCollector.php
8 ErrorStruct.php
8 errors_management.rb
8 error.cpp
8 error_collector_test.rb
8 ServerError.html
8 error_page_test.rb
8 builder_error.rb
8 test_error_entry.rb
8 spinner_error.gif
8 _error_messages.html.erb
8 ErrorClass.asn
8 MAP-Errors.asn
8 error404Success.php
8 CommandOptionError.html
8 ErubisError.html
8 NotSupportedError.html
8 errors.t
8 error_small.png
8 displayError.gsp
8 TestDailyCountsError.xml
8 TestGetInfoError.xml
8 TestTopTagsError.xml
8 error001.rdf
8 errors.scm
7 ErrorHandling.h
7 strerror.h
7 ErrorHandler.java
7 custom_error_message.rb
7 jerror.h
7 error-reporting.txt
7 error_messages.py
7 urls_error_handlers.py
7 urls_error_handlers_callables.py
7 render_form_errors_matcher.rb
7 ajaxerror.snippet
7 error.snippet
7 error_worker.rb
7 bdrb_conn_error.rb
7 invalid_dump_error.rb
7 expectation_error_test.rb
7 xml_syntax_error.c
7 xml_syntax_error.h
7 delay-syntax-error.js
7 error-constructors.js
7 mirror-error.js
7 xmlerror.h
7 ErrorMessage.php
7 on_load_error.erl
7 tc_error_collector.rb
7 routing_error.rhtml
7 errors.hpp
7 Errors.cs
7 errors_lang.php
6 error_handling.rb
6 _version_conflict_error.html.erb
6 pngerror.c
6 active_record_errors.rb
6 io_error_spec.rb
6 name_error_spec.rb
6 no_method_error_spec.rb
6 range_error_spec.rb
6 script_error_spec.rb
6 standard_error_spec.rb
6 system_call_error_spec.rb
6 HTTPError_spec.rb
6 HTTPFatalError_spec.rb
6 HTTPHeaderSyntaxError_spec.rb
6 HTTPRetriableError_spec.rb
6 error_type_spec.rb
6 jerror.c
6 error.rjs
6 jpgraph_error.php
6 theme_error.rb
6 error_instrumentation.rb
6 ErrorMessage.java
6 throws_error.js
6 ErrorReporter.java
6 AbstractError.as
6 ber_decode_error.erl
6 ct_error_SUITE.erl
6 cfg_error_1_SUITE.erl
6 cfg_error_2_SUITE.erl
6 cfg_error_3_SUITE.erl
6 cfg_error_4_SUITE.erl
6 cfg_error_5_SUITE.erl
6 cfg_error_6_SUITE.erl
6 cfg_error_7_SUITE.erl
6 cfg_error_8_SUITE.erl
6 cfg_error_9_SUITE.erl
6 lib_error_1_SUITE.erl
6 error.html.php
6 error.jpg
6 _comment_error.html.erb
6 test_error.rb
6 YAHOO.util.AssertionError.html
6 YAHOO.util.ShouldError.html
6 YAHOO.util.UnexpectedError.html
6 error_ovr.gif
6 errors.txt
6 error_handling_test.rb
6 validation_errors_spec.rb
6 maildriver_errors.h
6 input-text-error-bg.png
6 error002.rdf
6 InitializationError.java
6 error-16.gif
5 ErrorHandling.html
5 error_handling_rb.html
5 perror.c
5 ioerror.h
5 bte_error.c
5 huberror.c
5 pci-error-recovery.txt
5 eeh-pci-error-recovery.txt
5 error-codes.txt
5 zcrypt_error.h
5 scsi_error.c
5 xfs_error.c
5 xfs_error.h
5 cfe_error.h
5 ar-error.c
5 ErrorHandling.cpp
5 ErrorCodes.h
5 icon_error_sml.gif
5 highlight_error.html
5 error_proc_spec.rb
5 tc_errors.rb
5 error.rhtml
5 Error.spark
5 test_errors.rb
5 xml_syntax_error.rb
5 match_unless_raises_unexpected_error.feature
5 DefaultErrorReporter.java
5 EcmaError.java
5 NativeError.java
5 ToolErrorReporter.java
5 errors_test.rb
5 sfError404Exception.class.php
5 error.atom.php
5 error.css.php
5 error.js.php
5 error.json.php
5 error.rdf.php
5 error.txt.php
5 error.xml.php
5 sfValidatorError.class.php
5 sfValidatorErrorSchema.class.php
5 sfValidatorErrorSchemaTest.php
5 sfValidatorErrorTest.php
5 indicator_input_error.png
5 popup_inline_error.9.png
5 popup_inline_error_above.9.png
5 stat_notify_error.png
5 stat_notify_sync_error.png
5 httpd-multilang-errordoc.conf
5 parse_error.rb
5 error_co.gif
5 command_error.rb
5 protocol_error.rb
5 errors.lisp
5 ErrorHandling.cc
5 ErrorHandling.ned
5 IPv6ErrorHandling.cc
5 IPv6ErrorHandling.h
5 IPv6ErrorHandling.ned
5 error_code.hpp
5 errors.feature
5 findstyleerrors.sh
5 error.blu
5 view_errors.js
5 error.vm
4 sslerror.h
4 error.tt2
4 XslCompilationErrorListener.java
4 debugerror.py
4 error_diff_ids.fastq
4 error_double_qual.fastq
4 error_double_seq.fastq
4 error_long_qual.fastq
4 error_no_qual.fastq
4 error_qual_del.fastq
4 error_qual_escape.fastq
4 error_qual_null.fastq
4 error_qual_space.fastq
4 error_qual_tab.fastq
4 error_qual_unit_sep.fastq
4 error_qual_vtab.fastq
4 error_short_qual.fastq
4 error_spaces.fastq
4 error_tabs.fastq
4 error_trunc_at_plus.fastq
4 error_trunc_at_qual.fastq
4 error_trunc_at_seq.fastq
4 error_trunc_in_plus.fastq
4 error_trunc_in_qual.fastq
4 error_trunc_in_seq.fastq
4 error_trunc_in_title.fastq
4 rhoerror.rb
4 RhoFatalError.h
4 eval_error.c
4 JavolutionError.java
4 ppc_error_no.h
4 icon_error.png
4 appinfo_errors.py
4 yaml_errors.py
4 apiproxy_errors.py
4 cderror.h
4 test_extends_error.html
4 error_messages.rb
4 _errors.html.haml
4 error
4 rescue_errors.rb
4 csrf_error.html.erb
4 show_errors.rjs
4 Assert.Error.html
4 Assert.ShouldError.html
4 Assert.UnexpectedError.html
4 Do.Error.html
4 main-counts-errors.html
4 main-errors.html
4 Error.aspx.cs
4 YtsErrorTests.yml
4 ProtocolError.html
4 ares_strerror.c
4 errorhandler.py
4 onerror.js
4 onsyntaxerror.js
4 syntaxerror.js
4 EcmaError.html
4 ErrorReporter.html
4 Ext.data.Api.Error.html
4 Ext.data.DataProxy.Error.html
4 Ext.data.DataReader.Error.html
4 Ext.data.JsonReader.Error.html
4 Ext.data.Store.Error.html
4 Ext.Error.html
4 Error.js
4 syntax_error_example.rb.svn-base
4 raise_error.rb.svn-base
4 error_generator.rb.svn-base
4 raise_error_spec.rb.svn-base
4 action_with_errors_in_template.rhtml.svn-base
4 ErrorManager.java
4 hello_world_error.php
4 error400.ctp
4 error1.js
4 error.test
4 error_test.info
4 error_test.module
4 error.xhtml
4 cfg_error_10_SUITE.erl
4 cfg_error_11_SUITE.erl
4 cfg_error_12_SUITE.erl
4 cfg_error_13_SUITE.erl
4 cfg_error_14_SUITE.erl
4 gettext-error_print_progname.patch
4 error-16.png
4 error_small.gif
4 FormatError.html
4 segfault_syntax_error.t
4 error_handling.hpp
4 system_error.hpp
4 error_code.cpp
4 Error.cs
4 error.xml
4 hstrerror.c
4 FTPError_spec.rb
4 FTPPermError_spec.rb
4 FTPProtoError_spec.rb
4 FTPReplyError_spec.rb
4 FTPTempError_spec.rb
4 ErrorExpression.cs
4 error.aw
4 htaccess_error.gif
4 OBError.vcproj
4 error.yasnippet
4 ValidationErrorsMarshaller.java
4 defaultErrorMessages.properties
4 hasErrors.gdoc
4 icn_error.png
4 icn_error_on.png
4 requiring_a_file_that_does_not_exist_should_raise_an_error.js
4 error_bottom.png
4 error_middle.png
4 error_top.png
4 input_error_bg.png
4 input_error_required_bg.png
4 general_error.html.erb
4 error003.rdf
4 pear_error.h
4 errors-docs.factor
4 errors-tests.factor
4 jpgraph_error.php.svn-base
4 bperror.h
3 gai_strerror.c
3 flash_error.ctp
3 2002-05-02-ParseError.ll
3 2004-02-27-SelfUseAssertError.ll
3 nosse-error1.ll
3 nosse-error2.ll
3 2003-10-02-UnionLValueError.c
3 2005-01-02-VAArgError-ICE.c
3 2003-05-12-DivideError.ll
3 2008-07-09-SubAndError.ll
3 CheckNSError.m
3 2008-07-17-no-emit-on-error.c
3 PR2413-void-address-cast-error.c
3 link-errors.m
3 fixit-errors-1.c
3 fixit-errors.c
3 undef-error.c
3 error-property-gc-attr.m
3 property-error-readonly-assign.m
3 undef-class-messagin-error.m
3 SummarizeErrors
3 CXMLErrorCodes.h
3 fterrors.h
3 sslerror.cpp
3 ErrorCodeMapper.java
3 HttpResponseCodeErrorMapper.java
3 ERR_clear_error.pod
3 ERR_error_string.pod
3 ERR_get_error.pod
3 ERR_print_errors.pod
3 ERR_put_error.pod
3 SSL_get_error.pod
3 ErrorHandling.hpp
3 ErrorHandler.html
3 ix_error.h
3 skerror.h
3 When_in_the_GUI_displaying_the_error_popup.cs
3 datastore_errors.py
3 mail_errors.py
3 urlfetch_errors.py
3 TokenMgrError.class
3 error_disabled.php
3 map_reduce_error.rb
3 WikiError.php
3 NSError-OBExtensions.h
3 NSError-OBExtensions.m
3 error.htm
3 LoginError.html
3 NotLoggedInError.html
3 RWikiBotError.html
3 VersionTooLowError.html
3 error_lookup.rb
3 EncodingError.html
3 Error.png
3 error_steps.rb
3 Error.aspx.designer.cs
3 error.texi
3 ValidationError.java
3 ClassNameUndefinedError.as
3 IllegalOperationError.as
3 ErrorEvent.as
3 hello_world_2_error.png
3 test-error-icon.png
3 pool_party_error.rb
3 pool_party_error_test.rb
3 error_kit.clj
3 messages-error-ie6.png
3 messages-error.png
3 noErrors.js
3 network-error.png
3 error_m.gif
3 window_icon-error.gif
3 change_field_error.rb
3 error.o
3 error.c.svn-base
3 error.h.svn-base
3 0017-DSS2-Disable-video-planes-on-sync-lost-error.patch
3 0054-DSS2-DSI-more-error-handling.patch
3 LimeError.php
3 img_icon_error.png
3 HTTP_INTERNAL_SERVER_ERROR.html.var
3 netErrorApp.dtd
3 netError.css
3 ParseError.java
3 tsuiteerror.gif
3 cdesc-Error.yaml
3 install_error.html
3 spec_with_errors.rb.svn-base
3 test_case_with_errors.rb.svn-base
3 errors_on_spec.rb.svn-base
3 error.tt
3 __runtime-errors
3 admin-settings-error_reporting.png
3 load_error_tests.rb
3 throw_error.hpp
3 errormiddleware.py
3 GenericServiceErrors.html
3 IServiceErrors.html
3 GenericServiceErrors.as
3 IServiceErrors.as
3 ServiceErrorValidator.as
3 finderrors.py
3 llerror.cpp
3 llerror.h
3 llerrorcontrol.h
3 llerrorlegacy.h
3 llerrorthread.cpp
3 llerrorthread.h
3 lscript_error.cpp
3 lscript_error.h
3 llerror_tut.cpp
3 ErrorDialog.java
3 result_errors.t
3 dynamic_error.mtml
3 ico-error.png
3 errors.cfm
3 var_error
3 error.tcl
3 private-Error.pm
3 t3020-ls-files-error-unmatch.sh
3 t4019-diff-wserror.sh
3 t5530-upload-pack-error.sh
3 t9500-gitweb-standalone-no-errors.sh
3 ErrorCode.java
3 system_error.wav
3 system_error_short.wav
3 MSITaskErrors.mst
3 MSMTaskErrors.mst
3 ConfigError.html
3 ErrorArgBuilder.cs
3 icon-error.png
3 formula_parse_error.xls
3 formula_parse_error.xml
3 _errors.gsp
3 testerror.t.html
3 printer-error.png
3 error.t
3 error_not_found.html
3 error_not_found.js
3 error_not_found.txt
3 InternalServerErrorException.java
3 InternalServerErrorExceptionUnmarshaller.java
3 _error_messages_for.html.erb
3 oberror.h
3 oberror.cpp
3 error.erubis
3 error_message.html
3 NSHTTPURLResponse+Error.h
3 NSHTTPURLResponse+Error.m
3 LastErrorTest.c
3 config_error.rb
3 GetErrorsTest.php
3 ramaze_error.css
3 ErrorHandling.markdown
3 oberror
3 misc_error_1_SUITE.erl
3 qlc_error
3 qlc_error.erl
3 app_init_error.html.erb
3 database_error.html.erb
3 error_layout.css
3 error_layout.html.erb
3 framework_init_error.html.erb
3 load_error.html.erb
3 render_error_pages.rb
3 spawner_error_handling_spec.rb
3 SyntaxError.pm
3 undefined_access_error.rb
3 ErrorCodes.php
3 ErrorList.php
3 TTErrorView.o
3 IT_Error.php
3 sdlgeterror.html
3 AssertionFailedError.java
3 ParameterizedAssertionError.java
3 ErrorReportingRunner.java
3 ErrorCollector.java
3 ParameterizedAssertionErrorTest.java
3 InitializationErrorForwardCompatibilityTest.java
3 thumb-error.gif
3 standard_error.html.erb
3 codecvt_error_category.cpp
3 error.go
3 errors.yml
3 error.html.haml
3 application_osx_error.png
3 bookmark_error.png
3 book_addresses_error.png
3 box_error.png
3 car_error.png
3 cdr_error.png
3 check_error.png
3 css_error.png
3 disk_black_error.png
3 disk_error.png
3 door_error.png
3 drive_network_error.png
3 html_error.png
3 laptop_error.png
3 map_error.png
3 phone_error.png
3 pill_error.png
3 rss_error.png
3 shield_error.png
3 smartphone_error.png
3 xhtml_error.png
3 tinyxmlerror.o
2 _errors.haml
2 regerror.c.svn-base
2 2002-05-02-ParseError.ll.svn-base
2 2004-02-27-SelfUseAssertError.ll.svn-base
2 2009-08-08-CastError.ll
2 2003-10-02-UnionLValueError.c.svn-base
2 2005-01-02-VAArgError-ICE.c.svn-base
2 2003-05-12-DivideError.ll.svn-base
2 NSErrorChecker.cpp
2 override-werror.c
2 copy-constructor-error.cpp
2 property-expression-error.m
2 selector-error.m
2 SummarizeErrors.svn-base
2 ErrorReport.scala
2 CommandContextErrorHandler.java
2 FailOnErrorErrorHandler.java
2 IgnoreAllErrorHandler.java
2 LoggingErrorHandler.java
2 PrintErrorHandler.java
2 LogErrorListener.java
2 LoggingXmlErrorHandler.java
2 photo_custom_error.rb
2 conversion-error.php
2 input-error.php
2 upload-empty-error.php
2 upload-size-error.php
2 rhoerror_ru.rb
2 rhoerror_en.rb
2 _range_errors.h
2 rhoerror_spec.rb
2 ErrorManager.class
2 errors.css
2 class.error.php
2 _errors.php
2 ipsec_strerror.h
2 oploterror.pro
2 ploterror.pro
2 error_page.html
2 error_resilience.c
2 MockExpectationError.html
2 MockExpectationError.as
2 ErrorController.cs
2 exceptions.AssertionError-class.html
2 exceptions.AssertionError-class.html.svn-base
2 parsedatetime.tests.TestErrors-module.html.svn-base
2 parsedatetime.tests.TestErrors-pysrc.html.svn-base
2 parsedatetime.tests.TestErrors.test-class.html.svn-base
2 toc-parsedatetime.tests.TestErrors-module.html.svn-base
2 script_error.js
2 OASendFeedbackErrorRecovery.h
2 OASendFeedbackErrorRecovery.m
2 OBError.h
2 OBError.m
2 OFCancelErrorRecovery.h
2 OFCancelErrorRecovery.m
2 OFErrorRecovery.h
2 OFErrorRecovery.m
2 OFErrors.h
2 OFMultipleOptionErrorRecovery.h
2 OFMultipleOptionErrorRecovery.m
2 OFErrorExtensionTests.m
2 OFXMLError.h
2 OFXMLError.m
2 ErrorStack.php.svn-base
2 Error.php.svn-base
2 EplErrorHandlerk.c
2 EplErrorHandlerk.h
2 meerror.h
2 bug556832-error-test.py
2 yui_event-custom_error.html
2 _cperror.py
2 AllMembers_T_Norm_Responses_LastErrorResponse.htm
2 AllMembers_T_Norm_Responses_PreviousErrorResponse.htm
2 Methods_T_Norm_Responses_LastErrorResponse.htm
2 Methods_T_Norm_Responses_PreviousErrorResponse.htm
2 M_Norm_IMongoAdmin_PreviousErrors.htm
2 M_Norm_IMongoAdmin_ResetLastError.htm
2 M_Norm_IMongoDatabase_LastError.htm
2 M_Norm_IMongo_LastError.htm
2 M_Norm_MongoAdmin_PreviousErrors.htm
2 M_Norm_MongoAdmin_ResetLastError.htm
2 M_Norm_MongoDatabase_LastError.htm
2 M_Norm_Mongo_LastError.htm
2 M_Norm_Responses_LastErrorResponse__ctor.htm
2 M_Norm_Responses_PreviousErrorResponse__ctor.htm
2 Properties_T_Norm_Responses_LastErrorResponse.htm
2 Properties_T_Norm_Responses_PreviousErrorResponse.htm
2 P_Norm_Protocol_Messages_ReplyMessage_1_HasError.htm
2 P_Norm_Responses_LastErrorResponse_Code.htm
2 P_Norm_Responses_LastErrorResponse_Error.htm
2 P_Norm_Responses_LastErrorResponse_NumberOfErrors.htm
2 P_Norm_Responses_PreviousErrorResponse_Error.htm
2 P_Norm_Responses_PreviousErrorResponse_NumberOfErrors.htm
2 P_Norm_Responses_PreviousErrorResponse_NumberOfOperationsAgo.htm
2 T_Norm_Responses_LastErrorResponse.htm
2 T_Norm_Responses_PreviousErrorResponse.htm
2 LastErrorResponse.cs
2 PreviousErrorResponse.cs
2 errors.rb.html
2 functions.error.php
2 Services_JSON_Error.html
2 Services_JSON_ErrorSuppression_TestCase.html
2 Error.aspx.resx
2 ErrorReporting.cs
2 ErrorProvider.cs
2 error.ctp
2 error-form-back.gif
2 core_error.t
2 AssertionError.html
2 FetchingError.html
2 HTTPStatusError.html
2 KVPostNetworkError.html
2 NamespaceAliasRegistrationError.html
2 OpenIDError.html
2 SSLFetchingError.html
2 NoReturnToError.html
2 VersionError.html
2 NamespaceError.html
2 XRDSError.html
2 XRIHTTPError.html
2 protocolerror_rb.html
2 rule_recursion_overflow_error.rb
2 task_argument_error.rb
2 cyclic-error-to-string.js
2 child_process_should_emit_error.js
2 throws_error1.js
2 throws_error2.js
2 throws_error3.js
2 test-error-reporting.js
2 test-fs-error-messages.js
2 test-http-client-parse-error.js
2 test-next-tick-errors.js
2 errorrules.py
2 error_fixer.py
2 erroraccumulator.py
2 errorprinter.py
2 networkerror.html
2 errorWithText.php
2 ErrorParameterType.php
2 ErrorType.php
2 FreeTypeErrorCodes.c
2 FreeTypeErrorCodes.h
2 StackOverflowError.io
2 StackUnderflowError.io
2 Error.io
2 IoError.c
2 IoError.h
2 errors_controller.rb
2 errors_helper.rb
2 errors_controller_test.rb
2 routing_error.erb.svn-base
2 template_error.erb.svn-base
2 template_error.rb.svn-base
2 base_errors_test.rb.svn-base
2 load_error.rb.svn-base
2 name_error.rb.svn-base
2 errors.awk
2 errors.dat
2 make_errors
2 errorinfo.c
2 strerror_r.c
2 perror
2 ErrorPanel.java
2 ErrorListener.java
2 actionerror.png
2 builtincustomquerymaperror.png
2 builtinfunctionmaperror.png
2 customquerymaperror.png
2 functionmaperror.png
2 ErrorPanel.class
2 AbstractTest$FailErrorManager.class
2 _error.js.erb
2 rabbit_error_logger.erl
2 rabbit_error_logger_file_h.erl
2 clnt_perror.c
2 errorq.c
2 AssertionFailedError.php
2 IncompleteTestError.php
2 SkippedTestError.php
2 SkippedTestSuiteError.php
2 error_already_rendered_page.php
2 InvalidCategoryError.as
2 InvalidFilterError.as
2 TestRunnerErrorMethodTest.as
2 TestRunnerExpectsErrorTest.as
2 SingleErrorSuite.as
2 virtual_box_error_info.rb
2 errorcodes.py
2 lasterror.cpp
2 lasterror.h
2 error2.js
2 error3.js
2 error4.js
2 error5.js
2 mr_errorhandling.js
2 ParseError.h
2 WINERROR.java
2 W32Errors.html.svn-base
2 RtError.h
2 ErrorHandler.cs
2 Errors.cpp
2 qerrormessage.h
2 ErrorList.cs
2 googleerror.log
2 maperrorcode.c
2 errorcodes.c
2 error.wav
2 fm-error-reporting.c
2 fm-error-reporting.h
2 content_error.rb
2 019_create_content_errors.rb
2 094_remove_vendor_test_errors.rb
2 20090128163003_add_validator_field_to_content_errors.rb
2 20090813172002_content_errors_belong_to_test_plan.rb
2 20090908151128_longer_error_messages.rb
2 error_doggy.png
2 nhin_errors.xsl
2 c32_errors.xslt
2 c32_v2.1_errors.xslt
2 ccd_errors.xslt
2 errortest.rb
2 bg_appwidget_error.9.png
2 test_syntax_error.rb
2 curb_errors.c
2 curb_errors.h
2 NetworkErrorException.java
2 ApplicationErrorReport.java
2 SslError.java
2 SslErrorHandler.java
2 android-weberror.png
2 AppErrorDialog.java
2 AppErrorResult.java
2 BaseErrorDialog.java
2 FactoryErrorDialog.java
2 error-bg.gif
2 ErrorContext.cs
2 ErrorEventArgs.cs
2 OnErrorAttribute.cs
2 SerializationErrorHandlingTests.cs
2 DateTimeErrorObjectCollection.cs
2 ListErrorObject.cs
2 ListErrorObjectCollection.cs
2 PersonError.cs
2 0009-MTD-NAND-omap2-proper-fix-for-subpage-read-ECC-error.patch
2 0006-ALSA-ASoC-DaVinci-Fix-SFFSDR-compilation-error.patch
2 0009-sound-ASoC-Fix-DaVinci-module-unload-error.patch
2 29-au1000-pci-config-clear-errors.diff
2 battery2-bq27200-no-error-message.patch
2 noWerror.patch
2 ssh_dnserror.patch
2 05_error_catching.t
2 08_errors.t
2 05_send_error.t
2 DefaultErrorHandler.java
2 InternalErrorException.java
2 list_errors.gif
2 ErrorType.java
2 ErrorManager.cs
2 TestSyntaxErrors.cs
2 compile-error.png
2 spell-check-error.png
2 RuntimeError.php
2 SyntaxError.php
2 SecurityError.php
2 client_errors.h
2 form_for with errors.tmSnippet
2 logger_error.tmSnippet
2 error_message.txt
2 xhr_error.js
2 ServerInternalErrorException.php
2 reply-error.xml
2 custom-error.html
2 custom-error.html.en
2 custom-error.html.es
2 custom-error.html.ja.euc-jp
2 custom-error.html.ko.euc-kr
2 custom_errordocs.png
2 netError.dtd
2 errorGhosted-64.png
2 console-error-caret.gif
2 console-error-dash.gif
2 error-24.png
2 error-64.png
2 derror.cc
2 sql_error.cc
2 RubyLocalJumpError.java
2 RubyNameError.java
2 RubyNoMethodError.java
2 RubySystemCallError.java
2 testNoMethodError.rb
2 test_local_jump_error.rb
2 test_system_error.rb
2 SyntaxErrorException.java
2 PySyntaxError.java
2 ASN1Error.html
2 PKeyError.html
2 SSLError.html
2 cdesc-ASN1Error.yaml
2 cdesc-PKeyError.yaml
2 cdesc-SSLError.yaml
2 CommandLineError.html
2 DependencyError.html
2 DocumentError.html
2 FilePermissionError.html
2 InstallError.html
2 LoadError.html
2 OperationNotSupportedError.html
2 RemoteError.html
2 VerificationError.html
2 ExtensionBuildError.html
2 FetchError.html
2 cdesc-CommandLineError.yaml
2 cdesc-DependencyError.yaml
2 cdesc-DocumentError.yaml
2 cdesc-FilePermissionError.yaml
2 cdesc-ExtensionBuildError.yaml
2 cdesc-InstallError.yaml
2 cdesc-LoadError.yaml
2 cdesc-OperationNotSupportedError.yaml
2 cdesc-FormatError.yaml
2 cdesc-RemoteError.yaml
2 cdesc-FetchError.yaml
2 alert_error-i.yaml
2 cdesc-VerificationError.yaml
2 errorProvider.exsd
2 ErrorReader.java
2 configureErrorAnnotations.png
2 syntaxError.png
2 IErrorMessageGenerator.java
2 IErrorMessageReceiver.java
2 quickfix_error_obj.gif
2 suspend_onerror.gif
2 IErrorHandler.java
2 ErrorList.java
2 pxe_errors.c
2 errortab.h
2 efi_strerror.c
2 error.pt
2 error.layout.html
2 errordatabase_spec.rb
2 errordatabase.rb
2 010-errors.t
2 status-error.png
2 lt_error.c
2 lt_error.h
2 msgError.gif
2 msgFatalError.gif
2 safe_mode_errors.hpp
2 error_type.hpp
2 error_handler.hpp
2 test_error_middleware.py
2 error.rst
2 weberror.rst
2 error.py_tmpl
2 404_error.png
2 PushErrorEvent.html
2 ServiceErrorEvent.html
2 XMLServiceErrors.html
2 ServiceErrorValidator.html
2 PushErrorEvent.as
2 ServiceErrorEvent.as
2 XMLServiceErrors.as
2 lldelayedgestureerror.cpp
2 lldelayedgestureerror.h
2 FriendlyErrorTest.java
2 ErrorResponder.java
2 ErrorResponderTest.java
2 SlimError.java
2 SlimErrorTable.java
2 ErrorFixture.java
2 ErrorWritingFixture.java
2 StandardOutAndErrorRecorder.java
2 Error.hs
2 error404.jsp
2 Errors.pm
2 plugin-error.gif
2 function.mterrorcode.php
2 function.mterrormessage.php
2 function.mthttperrorcode.php
2 05-errorhandler.t
2 TopologyValidationError.h.svn-base
2 TopologyValidationError.cpp.svn-base
2 error_overlay.png
2 error_message.tmpl
2 environment_errors.html.php
2 timereport_error.json
2 GDataServerError.h
2 GDataServerError.m
2 mixed-units-error.less
2 name-error-1.0.less
2 syntax-error-1.0.less
2 msg_error.png
2 onerror.cfm
2 custom_tag_error
2 ErrorCodeConverter.java
2 KeepAsIsErrorCodeConverter.java
2 ErrorArgumentsResolver.java
2 FunctionErrorArgumentsResolver.java
2 StaticErrorArgumentsResolver.java
2 ValangErrorArgumentsResolver.java
2 KeepAsIsErrorCodeConverterTests.java
2 ValangErrorArgumentsResolverTests.java
2 UIErrorReport.cs
2 IErrorReport.cs
2 DebugErrorReport.cs
2 ErrorReport.cs
2 ErrorTestCase.cs
2 name_error_tags.txt
2 no_method_error_tags.txt
2 system_call_error_tags.txt
2 ErrorFormatter.cs
2 ErrorCodes.cs
2 ThrowingErrorSink.cs
2 InFunctionWithRescue-Error.rb
2 Errors.rb
2 octal_error1.rb
2 SocketError.cs
2 RuntimeErrorSink.cs
2 module_with_syntax_error.rb
2 ErrorSink.cs
2 SyntaxErrorException.cs
2 ErrorInfo.cs
2 ErrorListener.cs
2 ErrorListenerProxy.cs
2 ErrorSinkProxyListener.cs
2 ErrorLog
2 errortype.bmp
2 Error.xaml
2 Error.xaml.cs
2 error_details.xml
2 upload_error.xml
2 error.pot
2 errorhandling.aw
2 GeneratorError.html
2 HandleErrorAttribute.cs
2 HandleErrorInfo.cs
2 ModelError.cs
2 ModelErrorCollection.cs
2 class.Error.inc.php
2 english_log_error.xml
2 log_error.inc.php
2 log_error_construct.xml
2 log_error_install.xml
2 method_error.tpl
2 CarbonErrorStrings.plist
2 tb_error.ico
2 ErrorMessageDialog.java
2 FSError.java
2 TestDiskError.java
2 errors.inc
2 ContraintsErrorConditions.cs
2 SyntaxError.py
2 TypeError.py
2 test_fatal_error.php
2 error_page.t
2 XmlRpcErrorLogger.html
2 neberrors.h
2 createError.php
2 ServerErrorException.php
2 xml_syntax_error.o
2 cart_purchased_error_to_admin.html.erb
2 cart_purchased_error_to_user.html.erb
2 05_Registro_con_Error.jpg
2 12_Pagar_Eventos_ERROR.jpg
2 vorbis-errors.txt
2 errors.inc.php
2 error_sender.rb
2 twitter_error.rhtml
2 APIError.html
2 RetryableAPIError.html
2 xmlerror.h.svn-base
2 oberror.h.svn-base
2 oberror.cpp.svn-base
2 fakerror.gif
2 Errors.pyc
2 test_error_handler.rb
2 error_message.html.erb
2 create_error.html
2 errors.rst
2 test_errors.py
2 errorhandler.tpl
2 fatalerror.tpl
2 GrailsMockErrors.groovy
2 DefaultErrorMessages.properties
2 ErrorHandlingServlet.java
2 JspEachErrorTag.java
2 JspHasErrorsTag.java
2 JspRenderErrorsTag.java
2 FlashScopeWithErrorsTests.groovy
2 CommandObjectErrorsTests.groovy
2 clearErrors.gdoc
2 errors.gdoc
2 eachError.gdoc
2 renderErrors.gdoc
2 error.mako
2 NSHTTPURLResponse+Error.o
2 error_counters.dd
2 ico_error.jpg
2 ico_error.png
2 template_error_test.rb
2 flash_error.rjs
2 render_with_error_proc.rb
2 error_expectations.rb
2 test_error_expectations.rb
2 argument_equality_error.rb
2 double_definition_error.rb
2 double_not_found_error.rb
2 double_order_error.rb
2 rr_error.rb
2 spy_verification_error.rb
2 subject_does_not_implement_method_error.rb
2 subject_has_different_arity_error.rb
2 times_called_error.rb
2 rr_error_spec.rb
2 errorhandler.cpp
2 errorhandler.h
2 last_error_spec.rb
2 error_bytes_spec.rb
2 error_char_spec.rb
2 html_module_errors.py.svn-base
2 default_module_errors.py.svn-base
2 redirect_error.rb
2 GetValidationErrorTest.php
2 FatalError.scala
2 inlineerror.vm
2 http_authentication_required_error.rb
2 _quick_add_errors.html.erb
2 _quick_add_errors.rhtml
2 multi_rails_error.rb
2 errors.md
2 nserror
2 gtk-print-error.png
2 gtk-print-error.svg
2 alltests-errors.html
2 delay-syntax-error.js.svn-base
2 mirror-error.js.svn-base
2 Error
2 definition_error.rb
2 error404.ctp.svn-base
2 scaffold_error.ctp.svn-base
2 error.test.php.svn-base
2 fake_deadlock_error.rb
2 network_error.html
2 Error.gif
2 error004.rdf
2 error005.rdf
2 error006.rdf
2 SearchError.html
2 form_error.php
2 visual_errors.php
2 mysac_errors.c
2 ct_system_error_SUITE.erl
2 ErrorHandlerImpl.html
2 SaxErrorHandler.html
2 bitlash-error.c
2 errorpage.html
2 ErrorMessages.strings
2 adodb-error.inc.php.svn-base
2 adodb-errorhandler.inc.php.svn-base
2 adodb-errorpear.inc.php.svn-base
2 Error.cpp
2 Error.hx
2 error.phpt
2 error1.phpt
2 error2.phpt
2 error_old.phpt
2 parse_error.phpt
2 reflectionClass_FileInfo_error.phpt
2 reflectionClass_getConstants_error.phpt
2 reflectionClass_getConstant_error.phpt
2 reflectionClass_getConstructor_error.phpt
2 reflectionClass_getName_error.phpt
2 reflectionClass_getName_error1.phpt
2 reflectionClass_isInstance_error.phpt
2 reflectionClass_isInstantiable_error.phpt
2 reflectionClass_isInternal_error.phpt
2 reflectionClass_isSubclassOf_error.phpt
2 reflectionClass_isSubclassOf_error1.phpt
2 reflectionClass_isUserDefined_error.phpt
2 reflectionObject_constructor_error.phpt
2 reflectionObject_FileInfo_error.phpt
2 reflectionObject_getConstants_error.phpt
2 reflectionObject_getConstant_error.phpt
2 reflectionObject_getConstructor_error.phpt
2 reflectionObject_getName_error.phpt
2 reflectionObject_getName_error1.phpt
2 reflectionObject_isInstance_error.phpt
2 reflectionObject_isInstantiable_error.phpt
2 reflectionObject_isInternal_error.phpt
2 reflectionObject_isSubclassOf_error.phpt
2 reflectionObject_isUserDefined_error.phpt
2 array_change_key_case_errors.phpt
2 array_fill_error.phpt
2 array_filter_error.phpt
2 array_flip_error.phpt
2 array_intersect_assoc_error.phpt
2 array_intersect_error.phpt
2 array_keys_error.phpt
2 array_pop_errors.phpt
2 array_rand_error.phpt
2 array_reverse_error.phpt
2 array_search_errors.phpt
2 array_splice_errors.phpt
2 array_unshift_error.phpt
2 array_values_errors.phpt
2 asort_error.phpt
2 extract_error.phpt
2 in_array_errors.phpt
2 max_error.phpt
2 min_error.phpt
2 range_errors.phpt
2 shuffle_error.phpt
2 sort_error.phpt
2 assert_error.phpt
2 assert_error1.phpt
2 005_error.phpt
2 006_error.phpt
2 007_error.phpt
2 clearstatcache_error.phpt
2 copy_error.phpt
2 disk_free_space_error-win32.phpt
2 disk_free_space_error.phpt
2 disk_total_space_error-win32.phpt
2 disk_total_space_error.phpt
2 fflush_error.phpt
2 fgetcsv_error.phpt
2 fgetc_error.phpt
2 fgetss_error.phpt
2 fgets_error.phpt
2 filegroup_error.phpt
2 fileinode_error.phpt
2 fileowner_error.phpt
2 filesize_error.phpt
2 filetype_error.phpt
2 file_error.phpt
2 file_get_contents_file_put_contents_error.phpt
2 flock_error.phpt
2 fnmatch_error.phpt
2 fpassthru_error.phpt
2 fputcsv_error.phpt
2 fread_error.phpt
2 fscanf_error.phpt
2 fseek_ftell_rewind_error1.phpt
2 fseek_ftell_rewind_error2.phpt
2 fseek_ftell_rewind_error3.phpt
2 ftruncate_error.phpt
2 fwrite_error.phpt
2 glob_error.phpt
2 is_dir_error.phpt
2 is_executable_error.phpt
2 is_file_error.phpt
2 is_readable_error.phpt
2 is_writable_error.phpt
2 lstat_stat_error.phpt
2 mkdir_rmdir_error.phpt
2 pathinfo_error.phpt
2 popen_pclose_error-sunos.phpt
2 popen_pclose_error-win32.phpt
2 popen_pclose_error.phpt
2 readfile_error.phpt
2 readlink_realpath_error.phpt
2 realpath_error-win32.phpt
2 rename_error.phpt
2 stat_error-win32.phpt
2 symlink_link_linkinfo_is_link_error1.phpt
2 symlink_link_linkinfo_is_link_error2.phpt
2 tempnam_error.phpt
2 umask_error.phpt
2 unlink_error-win32.phpt
2 unlink_error.phpt
2 error_get_last.phpt
2 gettype_settype_error.phpt
2 acosh_error.phpt
2 acos_error.phpt
2 allowed_rounding_error.inc
2 asinh_error.phpt
2 asin_error.phpt
2 atanh_error.phpt
2 atan_error.phpt
2 cosh_error.phpt
2 cos_error.phpt
2 sinh_error.phpt
2 sin_error.phpt
2 tanh_error.phpt
2 tan_error.phpt
2 addslashes_error.phpt
2 basename_error.phpt
2 chop_error.phpt
2 chunk_split_error.phpt
2 crc32_error.phpt
2 dirname_error.phpt
2 fprintf_error.phpt
2 get_html_translation_table_error.phpt
2 htmlspecialchars_decode_error.phpt
2 join_error.phpt
2 nl2br_error.phpt
2 setlocale_error.phpt
2 sprintf_error.phpt
2 strcspn_error.phpt
2 stripos_error.phpt
2 stripslashes_error.phpt
2 strip_tags_error.phpt
2 strncasecmp_error.phpt
2 strncmp_error.phpt
2 strrchr_error.phpt
2 strrev_error.phpt
2 strrpos_error.phpt
2 strspn_error.phpt
2 strtok_error.phpt
2 strtr_error.phpt
2 str_split_error.phpt
2 substr_count_error.phpt
2 ucwords_error.phpt
2 vsprintf_error.phpt
2 wordwrap_error.phpt
2 catchable_error_001.phpt
2 catchable_error_002.phpt
2 error_2_exception_001.phpt
2 error_reporting01.phpt
2 error_reporting02.phpt
2 error_reporting03.phpt
2 error_reporting04.phpt
2 error_reporting05.phpt
2 error_reporting06.phpt
2 error_reporting07.phpt
2 error_reporting08.phpt
2 error_reporting09.phpt
2 error_reporting10.phpt
2 ext_error.cpp
2 ext_error.h
2 extprofile_error.h
2 error.idl.php
2 code_error.cpp
2 code_error.h
2 core_code_error.inc
2 error.inc
2 pear_error.php
2 pear_error.cpp
2 pear_error.fw.h
2 test_code_error.cpp
2 test_code_error.h
2 test_ext_error.cpp
2 test_ext_error.h
2 error_handler.rb
2 ValidationError.cs
2 table_icon_errors.png
2 error401.png
2 error403.png
2 error404.png
2 error500.png
2 error503.png
2 errordocsicon.png
2 DogErrorTest.h
2 DogErrorTest.m
2 error.png.svn-base
2 img-errorlist.gif
2 ErrorAdapter.java
2 errors.go
2 get_error_info.hpp
2 error_info_impl.hpp
2 throw_error.t
2 error.psgi
2 error.dtd
2 errors.cpp
2 default_error.php
2 ErrorPage.java
2 error404.html.erb
2 error500.html.erb
2 error_catcher.rb
2 ferror.3
2 error.tmSnippet.svn-base
2 error.tmSnippet.svn-work
2 name_error.html.haml
2 ErrorBar2D.swf
2 Errors.m
2 clienterroraction.php
2 dberroraction.php
2 servererroraction.php
2 error.d
2 ErrorCollection.php
2 ValidationErrorCollection.php
2 ServerError.php
2 ErrorCollectionTest.php
2 ValidationErrorCollectionTest.php
2 error_codes.py
2 error_result.py
2 validation_error.py
2 validation_error_collection.py
2 authentication_error.py
2 authorization_error.py
2 down_for_maintenance_error.py
2 forged_query_string_error.py
2 not_found_error.py
2 server_error.py
2 unexpected_error.py
2 upgrade_required_error.py
2 errorIcon.png.svn-base
2 printer-error.svg
2 error.i18n.php
2 ch23_error_messages.hs
2 scriptError.py
2 jsonErrorDebug.py
2 tinyxmlerror.d
1 QErrorMessage.cs
1 QSslError.cs
1 QDBusError.cs
1 QSqlError.cs
1 QXmlErrorHandler.cs
1 Soprano_Error.cs
1 Soprano_Error_Error.cs
1 Soprano_Error_ErrorCache.cs
1 Soprano_Error_Locator.cs
1 Soprano_Error_ParserError.cs
1 falconkerror.cpp
1 falconkerror.h
1 errorinterface.h
1 ContextError.as
1 error-codes.md
1 v8regerror.c
1 ferror.c
1 libhgfs_error.c
1 error_table.y
1 xstrerror.c
1 ErrorResistantRequest.php
1 ._errors.php
1 ._errors_test.php
1 ._parse_error_test.php
1 ._test_with_parse_error.php
1 Error.h.svn-base
1 ErrorHandling.h.svn-base
1 ErrorHandling.cpp.svn-base
1 2009-08-08-CastError.ll.svn-base
1 nosse-error1.ll.svn-base
1 nosse-error2.ll.svn-base
1 2008-07-09-SubAndError.ll.svn-base
1 NSErrorChecker.cpp.svn-base
1 CheckNSError.m.svn-base
1 override-werror.c.svn-base
1 2008-07-17-no-emit-on-error.c.svn-base
1 PR2413-void-address-cast-error.c.svn-base
1 link-errors.m.svn-base
1 fixit-errors-1.c.svn-base
1 fixit-errors.c.svn-base
1 undef-error.c.svn-base
1 copy-constructor-error.cpp.svn-base
1 error-property-gc-attr.m.svn-base
1 property-error-readonly-assign.m.svn-base
1 property-expression-error.m.svn-base
1 selector-error.m.svn-base
1 undef-class-messagin-error.m.svn-base
1 ErrorDisplayEvent.java
1 ErrorResponse.java
1 ErrorResponseDecoder.java
1 ErrorFilter.java
1 ThreadRunError.scala
1 ErrorOccurred.java
1 QueueError.as
1 log4j-error.properties
1 icon_error_lrg.gif
1 errorhandler.php
1 anjuta-error.c
1 anjuta-error.h
1 RGBImageError.java
1 login_error.html.ep
1 custom_error_message_spec.rb
1 LogAndContinueErrorHandler.html
1 StrictErrorHandler.html
1 AbiCloudError.class
1 ErrorManager.properties
1 libgpg-error.py
1 error_bang.gif
1 CyclicalError.clj
1 PegError.clj
1 ErrorControllerTest.php
1 AppError.h
1 AppError.m
1 simple-error-model.cc
1 test-simple-error-model.py
1 error-model.cc
1 error-model.h
1 fatal-error.h
1 error-rate-model.cc
1 error-rate-model.h
1 yans-error-rate-model.cc
1 yans-error-rate-model.h
1 error.cdl
1 strerror.cxx
1 ipsec_strerror.3
1 ipsec_strerror.c
1 test_error_messages.py
1 template_with_error.tpl
1 test_include_error.html
1 error_message.pro
1 error-mpeg4-adv.avi.ref
1 fmod_errors.cs
1 batch_with_error.ebf
1 block_processor_error.ctl
1 errors.ctl
1 screen_test_error.ctl
1 checkErrors
1 error-2010-07-10185440Z-381b3158-bca2-42a8-b6e5-4116c2b7eff4.xml
1 error-2010-07-10185515Z-41a20e77-bc6e-4586-8e87-4c74abff2b0f.xml
1 error-2010-07-11164959Z-30996019-39af-4176-8946-48ef8f32494d.xml
1 error-2010-07-11165000Z-000244de-f448-4500-b8ff-e808bb750acd.xml
1 error-2010-07-11165002Z-fadcbf3d-7f43-4e5b-8ce6-30e93148cb78.xml
1 error-2010-07-12183057Z-51bea586-c058-4939-87f7-9cc21c95ba23.xml
1 error-2010-08-04212142Z-a3de2572-6046-4cdf-a555-125e349f0695.xml
1 error-2010-08-05183057Z-adbda143-2328-4820-a109-52bb84570035.xml
1 error-2010-08-05183058Z-de9ff953-ab22-47c8-9782-558b1d845b6a.xml
1 error-2010-08-05183100Z-9874efc7-855a-4a5d-9262-59053f717cf8.xml
1 error-2010-08-05183101Z-7cfc6a93-fc1c-405c-8f67-0bc106e9d4d1.xml
1 error-2010-08-05183103Z-f88c5a8d-2580-4843-a51c-0e25322d75a1.xml
1 error-2010-08-05210904Z-ddae2f7b-c3b6-4fe7-8727-d62ff9903d9c.xml
1 error-2010-08-05210918Z-3ea40eb4-d3d4-4ac9-9592-3d6510d53d6a.xml
1 error-2010-08-05210926Z-ad5de154-f02b-452a-bbce-870fbaa26902.xml
1 error-2010-08-05211311Z-5dc6fb2a-248e-46ec-8574-007f21d4ae8d.xml
1 error-2010-08-05211622Z-3533f8ae-f6e2-4e20-aaf1-62651d78fc14.xml
1 error-2010-08-05212121Z-733d6438-1a96-4e8e-813b-b50a1fde32dc.xml
1 error-2010-08-05212131Z-fcf3d9a9-1258-4513-aa66-3fb1ee838684.xml
1 error-2010-09-05135342Z-bd7e097f-70e3-4cd0-9631-47b1f8666d15.xml
1 error-2010-09-05135353Z-92c7907e-8bfc-4eb8-a9a1-af80991d0c70.xml
1 error-2010-09-05135356Z-bd25b983-8ba7-41e3-a493-90ba183560ae.xml
1 error-2010-09-05135435Z-551c9669-70de-4539-a7a8-29f4f5dac5ac.xml
1 error-2010-09-05140540Z-fbea9cc5-bc5b-4de6-8d5d-7353be97b211.xml
1 error-2010-09-05140602Z-56dd4a97-bab2-4f49-8c8a-928cecf5145e.xml
1 error-2010-09-05140620Z-396874b6-bfc5-416f-b285-7d434b24d9a1.xml
1 error-2010-09-05141159Z-17c89e0e-36bd-4c89-84cf-d8fd98493458.xml
1 error-2010-09-05141742Z-215b95ce-8529-47df-b9fc-093e7e86ca89.xml
1 error-2010-09-05141910Z-855aff20-b625-48b3-9c2b-e4b465bd5adf.xml
1 error-2010-09-05142154Z-b1a97e75-3fe6-4459-825f-a5ed1a0e6be9.xml
1 error-2010-09-05142359Z-48ea3d09-560b-4417-a509-43d13b56af99.xml
1 error-2010-09-05142425Z-0e11f8da-3161-4a57-bd62-0a1de961b067.xml
1 error-2010-09-05142515Z-5ec77aea-5f4e-4855-9f9d-92dbf9f4f33b.xml
1 error-2010-09-05142926Z-82857240-64ef-4cc8-a794-239e5b94eb54.xml
1 error-2010-09-05160814Z-da1512f3-696f-4d39-af42-504267815a50.xml
1 error-2010-09-05161349Z-7f2948d9-1b2c-453e-82dc-63cbe617ee14.xml
1 error-2010-09-05161415Z-982d4303-6e39-4b39-a107-1e200d3c0f7b.xml
1 error-2010-09-05161436Z-7a3a0db2-b4ad-458e-baed-68edb81f8b50.xml
1 error-2010-09-05162139Z-de412f35-840e-4277-9ff5-61e37e1607e0.xml
1 error-2010-09-05162209Z-23524659-790b-40ff-b9fe-179da8ae7b9b.xml
1 error-2010-09-05163905Z-86bc4d69-6c3f-4d07-a793-d2d788987c78.xml
1 error-2010-09-05164031Z-58ceb0ec-392e-4bcf-8b48-7e39ef919c67.xml
1 error-2010-09-05164048Z-ef4f9951-899c-4a63-9a3a-afa415b95784.xml
1 error-2010-09-05164209Z-66e10465-0610-4ea1-b271-635fa62ead98.xml
1 error-2010-09-05164335Z-ebcbe987-d858-402e-b295-4520090ef250.xml
1 error-2010-09-05165044Z-f92b8e88-ea62-4fac-be45-e8869b1bde19.xml
1 error-2010-09-05165122Z-997c8544-81c5-48ed-a7c7-ab599d550a3d.xml
1 error-2010-09-28182700Z-fcf82d62-1a54-4d11-874f-e6f3758b08ba.xml
1 error-2010-11-10195842Z-c163fc7e-e668-43c5-9322-c007a7b77038.xml
1 error-2011-04-03161351Z-a9ef07fa-ad45-4cfc-b12d-d7b6ce6c5fa6.xml
1 error-2011-04-03161352Z-20aa7cc7-b671-4652-b31a-6bbe02e6d123.xml
1 error-2011-04-03161352Z-b233f9d7-26ec-441b-8ab2-e7599ff4c5a5.xml
1 error-2011-04-03161355Z-9dca9014-ee71-4542-aa11-7d9655384182.xml
1 error-2011-04-03161359Z-6de30d52-b1e0-4bdc-a7b9-9fd6fe9d186a.xml
1 error-2011-04-03161635Z-70d9d6b4-22b0-418e-a10b-683bfa20aa6d.xml
1 error-2011-04-03183205Z-4b0a1ff8-82df-4b8d-924f-01f846c3614e.xml
1 error-2011-04-03183846Z-d3e66c1d-a369-4d1a-9ff7-63bf09c7c503.xml
1 error-2011-04-04190413Z-a131c096-85a7-495b-b972-0b3c4c6d2eb1.xml
1 error-2011-04-04190416Z-67264d0d-3e59-416a-84a7-38b80f03214e.xml
1 error-2011-04-04190437Z-9f95d05c-4fc7-4750-95e8-0594d3ed998e.xml
1 ErrorController.generated.cs
1 parsedatetime.tests.TestErrors-module.html
1 parsedatetime.tests.TestErrors-pysrc.html
1 parsedatetime.tests.TestErrors.test-class.html
1 toc-parsedatetime.tests.TestErrors-module.html
1 TestErrors.py
1 TestErrors.py.svn-base
1 error_page.erb
1 DefaultSaxErrorHandler.java
1 IResolutionErrorReportingPage.java
1 G3Viewer$ErrorDialog$1.class
1 G3Viewer$ErrorDialog.class
1 JavascriptErrorDetection.cs
1 jrpcerror.py
1 jrpcerror.pyc
1 terror.wd10
1 error.lua
1 deverror.css
1 deverror.master.php
1 error.master.php
1 errornot_resque.rb
1 errornot_resque_tasks.rake
1 errornot_resque_test.rb
1 errornot_shim.rb.template
1 errornot_generator.rb
1 errornot_notifier_tasks.rake
1 errornot_notifier.rb
1 errornot_tasks.rb
1 errornot_2_0.xsd
1 icon_file_upload_error.gif
1 index_errors.tpl
1 nginx-0.8.54-no_error_pages.patch
1 nginx-0.8.54-no_Werror.patch
1 nginx-1.0.10-no_error_pages.patch
1 nginx-1.0.10-no_Werror.patch
1 nginx-1.0.11-no_error_pages.patch
1 nginx-1.0.11-no_Werror.patch
1 nginx-1.0.12-no_error_pages.patch
1 nginx-1.0.12-no_Werror.patch
1 nginx-1.0.14-no_error_pages.patch
1 nginx-1.0.14-no_Werror.patch
1 nginx-1.0.15-no_error_pages.patch
1 nginx-1.0.15-no_Werror.patch
1 nginx-1.0.4-no_error_pages.patch
1 nginx-1.0.4-no_Werror.patch
1 nginx-1.0.5-no_error_pages.patch
1 nginx-1.0.5-no_Werror.patch
1 nginx-1.0.6-no_error_pages.patch
1 nginx-1.0.6-no_Werror.patch
1 nginx-1.0.8-no_error_pages.patch
1 nginx-1.0.8-no_Werror.patch
1 nginx-1.0.9-no_error_pages.patch
1 nginx-1.0.9-no_Werror.patch
1 nginx-1.1.15-no_error_pages.patch
1 nginx-1.1.15-no_Werror.patch
1 nginx-1.1.2-no_error_pages.patch
1 nginx-1.2.1-no_error_pages.patch
1 nginx-1.2.1-no_Werror.patch
1 nginx-1.2.3-no_error_pages.patch
1 nginx-1.2.3-no_Werror.patch
1 nginx-1.2.4-no_error_pages.patch
1 nginx-1.2.4-no_Werror.patch
1 nginx-1.2.5-no_error_pages.patch
1 nginx-1.2.5-no_Werror.patch
1 nginx-1.2.6-no_error_pages.patch
1 nginx-1.2.6-no_Werror.patch
1 nginx-1.3.11-no_error_pages.patch
1 nginx-1.3.11-no_Werror.patch
1 nginx-1.3.4-no_error_pages.patch
1 nginx-1.3.4-no_Werror.patch
1 nginx-1.3.6-no_error_pages.patch
1 nginx-1.3.6-no_Werror.patch
1 nginx-1.3.7-no_error_pages.patch
1 nginx-1.3.7-no_Werror.patch
1 cmd_error.t
1 _user_form_error.html.erb
1 errors.lua
1 abbreviation_errors.t
1 book_errors.t
1 key_errors.t
1 errors_on.feature
1 HTMLTokenizerError.html
1 KVFormError.html
1 Error.aspx.af-ZA.resx
1 Error.aspx.cs-CZ.resx
1 Error.aspx.da-DK.resx
1 Error.aspx.de-DE.resx
1 Error.aspx.es-ES.resx
1 Error.aspx.fa-IR.resx
1 Error.aspx.fr-FR.resx
1 Error.aspx.hu-HU.resx
1 Error.aspx.it-IT.resx
1 Error.aspx.ja-JP.resx
1 Error.aspx.ko-KR.resx
1 Error.aspx.lv-LV.resx
1 Error.aspx.nb-NO.resx
1 Error.aspx.nl-NL.resx
1 Error.aspx.pl-PL.resx
1 Error.aspx.pt-BR.resx
1 Error.aspx.pt-PT.resx
1 Error.aspx.ro-RO.resx
1 Error.aspx.ru-RU.resx
1 Error.aspx.sk-SK.resx
1 Error.aspx.sr-Latn-CS.resx
1 Error.aspx.sv-SE.resx
1 Error.aspx.tr-TR.resx
1 Error.aspx.uk-UA.resx
1 Error.aspx.vi-VN.resx
1 Error.aspx.zh-cn.resx
1 Error.aspx.zh-tw.resx
1 InputError.png
1 LogError.png
1 QueryError.java
1 errorTest.js
1 error_test.js
1 Error.sc
1 24_ignore_error.t
1 errorFuncs.php
1 Deterministic, Error-Correcting Combinator Parsers (Swierstra, Duponcheel).pdf
1 Fast, Error Correcting Parser Combinators - A Short Tutorial (Swierstra, Alcocer).pdf
1 That About Wraps it Up - Using FIX to Handle Errors Without Exceptions (McAdam).pdf
1 TagError.html
1 load_error_handling.cpp
1 xpath_error.cpp
1 JavaScriptErrorReporter.java
1 errorRelativeRoot.jsp
1 errors1.jsp
1 errors2.jsp
1 errors3.jsp
1 EbatNs_ResponseError.php
1 ErrorClassificationCodeType.php
1 ErrorHandlingCodeType.php
1 SMSSubscriptionErrorCodeCodeType.php
1 no-importError
1 no-syntaxErrors
1 parseerror.py
1 error.js.erb
1 ErrorReport.io
1 ibError.c
1 NSError+Extensions.h
1 NSError+Extensions.m
1 errorchecker_test.rb
1 errors_controller.rb.svn-base
1 errors_helper.rb.svn-base
1 rescue_errors_patch.rb
1 rescue_errors_patch.rb.svn-base
1 errors_controller_test.rb.svn-base
1 deprecated_error_methods.rb.svn-base
1 raises_name_error.rb.svn-base
1 raises_no_method_error.rb.svn-base
1 load_error_test.rb.svn-base
1 name_error_test.rb.svn-base
1 error_page_test.rb.svn-base
1 idi_tt_error_sm.ico
1 certerror.bmp
1 winerror.mc
1 parseerror.c
1 cierror.h
1 corerror.h
1 dmerror.h
1 errorrep.h
1 mprerror.h
1 raserror.h
1 slerror.h
1 winerror.h
1 _form_validation_errors.erb
1 xm_error.xpm
1 argp_error.texi
1 clnt_pcreateerror.texi
1 clnt_perror.texi
1 clnt_spcreateerror.texi
1 clnt_sperror.texi
1 error_at_line.texi
1 error_message_count.texi
1 error_one_per_line.texi
1 error_print_progname.texi
1 ferror_unlocked.texi
1 herror.texi
1 hstrerror.texi
1 nis_lerror.texi
1 nis_perror.texi
1 nis_sperror.texi
1 nis_sperror_r.texi
1 aio_error.texi
1 dbm_error.texi
1 dlerror.texi
1 ferror.texi
1 gai_strerror.texi
1 perror.texi
1 regerror.texi
1 strerror.texi
1 strerror_l.texi
1 strerror_r.texi
1 fwriteerror.c
1 fwriteerror.h
1 strerror-override.c
1 strerror-override.h
1 verror.c
1 verror.h
1 xstrtol-error.c
1 error.m4
1 perror.m4
1 strerror.m4
1 strerror_r.m4
1 fwriteerror
1 perror-tests
1 strerror
1 strerror-override
1 strerror-tests
1 strerror_r-posix
1 strerror_r-posix-tests
1 verror
1 test-perror.c
1 test-perror.sh
1 test-perror2.c
1 test-strerror.c
1 test-strerror_r.c
1 internal_error.tt
1 ms_error.png
1 ms_error_bg.png
1 BasicTopologyValidationError.java
1 ValidationErrorType.java
1 BasicTopologyValidationError.class
1 ValidationError.class
1 ValidationErrorType.class
1 ASTerror_skipto.java
1 ErrorEditor.java
1 ErrorFrame.java
1 ErrorsTableModel.java
1 DefaultErrorManager.java
1 FilteringErrorListener.java
1 DefaultJavaManager$FirstErrorDiagnosticListener.class
1 ASTerror_skipto.class
1 ErrorEditor$DummyElement.class
1 ErrorEditor.class
1 ErrorFrame.class
1 ErrorMessage.class
1 ErrorPanel$1.class
1 ErrorPanel$MyListener.class
1 ErrorsTableModel.class
1 DefaultErrorManager.class
1 ErrorListener.class
1 FilteringErrorListener.class
1 GeoCognitionTest$CountingErrorManager.class
1 code-complete-errors.c
1 SDL_error.c
1 SDL_error_c.h
1 testerror.c
1 Info-testerror__Upgraded_.plist
1 error_dump.inc.php
1 error_dump_cli.inc.php
1 QErrorHandler.class.php
1 QErrorLogViewer.class.php
1 ArgumentError.as
1 ErrorInMethodTest.as
1 WebGACErrorHandler.cs
1 terror.png
1 rtperrors.cpp
1 rtperrors.h
1 validation_errors.log
1 libgpg-error-0.dll
1 werror.h
1 ConsoleErrorHandler.php
1 CakeErrorController.php
1 AllErrorTest.php
1 ConsoleErrorHandlerTest.php
1 pdo_error.ctp
1 class_log__error__log.html
1 class_log__error__log.png
1 error_log_8php-example.html
1 ErrorCodesMain.java
1 bgerror.tcl
1 oct6100_errors.h
1 warnaserror.html
1 custom_error_helper.rb
1 custom_error_helper_rb.html
1 013_drop_Werror.patch
1 2008-01-29-improve-customer-service-with-error-emails.textile
1 2008-09-22-dynamic-rails-error-help.textile
1 ale_error_logger_handler.erl
1 ns_error_messages.erl
1 deck_error.xml
1 sdcard_error.xml
1 WINERROR.java.svn-base
1 LastErrorException.java
1 LastErrorException.java.svn-base
1 W32Errors.java
1 W32Errors.java.svn-base
1 LastErrorTest.java
1 LastErrorTest.java.svn-base
1 LastErrorException.html
1 LastErrorException.html.svn-base
1 X11.XErrorEvent.html
1 X11.XErrorEvent.html.svn-base
1 W32Errors.html
1 error_norole.html
1 error_template.php
1 controller_errors.php
1 error_handler.php
1 SimpleLanguageLexer.cs.ErrorHandling.cs
1 SimpleLanguageParser.ErrorHandling.cs
1 SimpleLanguageTree.ErrorHandling.cs
1 Error Message.aml
1 qdbuserror.h
1 qsqlerror.h
1 qsslerror.h
1 QErrorMessage
1 alerror.h
1 jerror.cpp
1 Error.bmp
1 ErrorModule.class.php
1 error.tpl.html
1 login_error.png
1 pn_error.c
1 pn_error.h
1 _error.fbml.erb
1 ErrorListDialog.cs
1 ErrorListDialog.Designer.cs
1 error_toast.xml
1 create_error.js.erb
1 ErrorHandlerAdapter.java
1 ErrorListenerAdapter.java
1 ELTokenMgrError.java
1 field_with_error_fix.rb
1 error_mailer.rb
1 errormail.html.erb
1 BeanErrorsTagLib.groovy
1 grub-0.95-splash-error-term.patch
1 _form_error.html.erb
1 appwidget_error.xml
1 form_error-tip-corners.gif
1 2004-06-28-Common-Errors-in-English.markdown
1 field_error_proc.rb
1 assuan-errors.c
1 mkerrors
1 glib.gerror.lisp
1 ArguementTypeError.hx
1 ArrayContentsError.hx
1 SerializationErrorHandling.html
1 po-error.c
1 po-error.h
1 po-xerror.c
1 po-xerror.h
1 error-progname.c
1 error-progname.h
1 error.h.diff
1 xerror.c
1 xerror.h
1 xmlerror.in.h
1 error-progname
1 xerror
1 spacing-loose-grace-error.ly
1 freetype-error.cc
1 error.Po
1 binutils-2.16-objcopy-rename-errorcode.patch
1 better_file_error.patch
1 gcc-4.3-build-error.patch
1 fix_cast_error_and_gnuchess_exec.patch
1 uncrypt-startup-error.patch
1 fix-loading-error-report.patch
1 superh-ustring-declaration-error.patch
1 remove-werror.patch
1 libeasysoap++0-0.6.1-compile-errors-swb.patch
1 libgpg-error.inc
1 libgpg-error_1.0.bb
1 libgpg-error_1.3.bb
1 libgpg-error_1.4.bb
1 012-rc632-error-reg-ro-2.patch
1 soos02-check-errors.patch
1 0001-AVR32-Fix-compile-error-with-gcc-4.1.patch
1 0022-mmc_block-print-better-error-messages.patch
1 0023-mmc_block-ensure-all-sectors-that-do-not-have-error.patch
1 0016-DSS2-Disable-video-planes-on-sync-lost-error.patch
1 0052-DSS2-DSI-more-error-handling.patch
1 0109-DSS2-let-init_display-return-an-error-code.patch
1 0001-Revert-omap3-beagle-Fix-compile-time-errors.patch
1 0012-MTD-NAND-omap2-proper-fix-for-subpage-read-ECC-error.patch
1 0043-MTD-silence-ecc-errors-on-mtdblock0.patch
1 0002-mt9t111-Fix-all-checkpatch-errors.patch
1 0003-bq27x00_battery-remove-error-message-output.patch
1 0012-ads7846-don-t-error-out-when-there-s-no-pendown-gpio.patch
1 no-Werror.patch
1 02_ignore_ftp_chmod_error.patch
1 0001-Remove-Werror-from-build.patch
1 0002-Fix-security-cross-compile-cpu-detection-error.patch
1 fix-ignoreerrors-git.patch
1 hildon-lgpl-noWerror.patch
1 hildon-libs-no-werror.patch
1 icedtea-remove_werror.patch
1 use-cs-error.patch
1 liberror-perl_0.17004.bb
1 liberror-perl_0.17016.bb
1 alsaerror.patch
1 dont-swallow-errors.patch
1 have_strerror.patch
1 0023-beagleboard-display-message-about-I2C-errors-being-e.patch
1 0022-xserver-fix-syntax-error.patch
1 2010-04-04-add_links_error_field.sql
1 ARPErrorNumbers.java
1 FatalParsingErrorException.java
1 ARPSaxErrorHandler.java
1 RDFErrorHandler.java
1 RDFDefaultErrorHandler.java
1 SyntaxError.java
1 ARQInternalErrorException.java
1 ErrorHandlerLogger.java
1 ErrorHandlerStd.java
1 importError.tpl
1 languageDownloadErrors.tpl
1 FormError.inc.php
1 swordapperrordocument.php
1 formErrors.tpl
1 response_error.png
1 OnError.php
1 Antlr4ErrorLog.java
1 ANTLRErrorListener.java
1 ANTLRErrorStrategy.java
1 BailErrorStrategy.java
1 BaseErrorListener.java
1 ConsoleErrorListener.java
1 DefaultErrorStrategy.java
1 DiagnosticErrorListener.java
1 ProxyErrorListener.java
1 ErrorNode.java
1 ErrorNodeImpl.java
1 ErrorSeverity.java
1 GrammarASTErrorNode.java
1 ErrorQueue.java
1 TestBasicSemanticErrors.java
1 TestLexerErrors.java
1 TestParseErrors.java
1 TestToolSyntaxErrors.java
1 IAntlrErrorListener.cs
1 StringTemplateErrorListener.cs
1 ErrorQueue.cs
1 ITemplateErrorListener.cs
1 DebugErrorListener.cs
1 ErrorBuffer.cs
1 ErrorType.cs
1 TextWriterErrorListener.cs
1 ErrorBufferAllErrors.cs
1 TestGroupSyntaxErrors.cs
1 TestInterptimeErrors.cs
1 DBEventErrorNode.java
1 GrammarError.java
1 antlr3errors.h
1 STErrorListener.java
1 ErrorBuffer.java
1 ErrorBufferAllErrors.java
1 TestGroupSyntaxErrors.java
1 TestInterptimeErrors.java
1 TestSyntaxErrors.java
1 AssetLoadError.material
1 ParticleAssetLoadError.particle
1 AssetLoadError.png
1 error_messages.feature
1 JNIError.java
1 ErrorCodes.java
1 svn_error.h
1 svn_error_codes.h
1 svn_error_private.h
1 util_error.c
1 error-test.c
1 gen-javahl-errors.py
1 gen-py-errors.py
1 which-error.py
1 TwitterError.cs
1 TwitterError.cs.svn-base
1 YammerError.cs
1 YammerError.cs.svn-base
1 error_bottom.jpg
1 error_point.jpg
1 error_top.jpg
1 DirectoryNotFoundError.html
1 FileNotFoundError.html
1 NoDirectoryError.html
1 NoFileError.html
1 directorynotfounderror_rb.html
1 filenotfounderror_rb.html
1 nodirectoryerror_rb.html
1 nofileerror_rb.html
1 directorynotfounderror.rb
1 filenotfounderror.rb
1 nodirectoryerror.rb
1 nofileerror.rb
1 01_strerror.dpatch
1 C_FB_ApiErrorRequestArg_ctor.htm
1 C_FB_ApiErrorResult_ctor.htm
1 F_FB_ApiErrorCode_Internal_error.htm
1 F_FB_ApiErrorCode_Invalid_api_key.htm
1 F_FB_ApiErrorCode_Invalid_call_id.htm
1 F_FB_ApiErrorCode_Invalid_operation.htm
1 F_FB_ApiErrorCode_Invalid_parameter.htm
1 F_FB_ApiErrorCode_Invalid_session_key.htm
1 F_FB_ApiErrorCode_Invalid_signature.htm
1 F_FB_ApiErrorCode_Max_requests_reached.htm
1 F_FB_ApiErrorCode_Object_already_exists.htm
1 F_FB_ApiErrorCode_Permission_denied.htm
1 F_FB_ApiErrorCode_Quota_exceeded.htm
1 F_FB_ApiErrorCode_Remote_address_not_allowed.htm
1 F_FB_ApiErrorCode_Service_not_available.htm
1 F_FB_ApiErrorCode_Temporary_Database_failure.htm
1 F_FB_ApiErrorCode_Unknown.htm
1 F_FB_ApiErrorCode_value__.htm
1 F_FB_ApiErrorRequestArg_key.htm
1 F_FB_ApiErrorRequestArg_value.htm
1 F_FB_ApiErrorResult_error_code.htm
1 F_FB_ApiErrorResult_error_msg.htm
1 F_FB_ApiErrorResult_request_args.htm
1 T_FB_ApiErrorCode.htm
1 T_FB_ApiErrorCode_Fields.htm
1 T_FB_ApiErrorCode_Members.htm
1 T_FB_ApiErrorRequestArg.htm
1 T_FB_ApiErrorRequestArg_Constructors.htm
1 T_FB_ApiErrorRequestArg_Fields.htm
1 T_FB_ApiErrorRequestArg_Members.htm
1 T_FB_ApiErrorResult.htm
1 T_FB_ApiErrorResult_Constructors.htm
1 T_FB_ApiErrorResult_Fields.htm
1 T_FB_ApiErrorResult_Members.htm
1 test_data_grid_processError.html
1 fatalError.html
1 responseError.html
1 ClientError.js
1 returnBooleanError.html
1 returnCustomError.html
1 returnDateError.html
1 returnError.html
1 returnIntegerError.html
1 returnReferenceError.html
1 returnSyntaxError.html
1 ErrorCheckingTestSuite.html
1 TestCommandError.html
1 TestErrorChecking.html
1 error-checking-command-tests.html
1 testloop-handle-error-tests.html
1 IErrorPageFilter.java
1 IErrorPageHandler.java
1 httpd-multilang-errordoc.conf.in
1 error_bucket.c
1 nsContentErrors.h
1 txError.h
1 txErrorObserver.h
1 txSimpleErrorObserver.cpp
1 txErrorExpr.cpp
1 orkinErrorHook.cpp
1 orkinErrorHook.h
1 netError.xhtml
1 layout_errors.properties
1 nsDOMError.h
1 nsIDOMDOMError.idl
1 nsIDOMDOMErrorHandler.idl
1 gen-nsError.pl
1 nsError.py
1 ErrorUtils.cpp
1 nsISVSchemaErrorHandler.idl
1 nsIWebServiceErrorHandler.idl
1 nsIScriptError.idl
1 nsScriptError.cpp
1 nsLayoutErrors.h
1 test_property_syntax_errors.html
1 ImageErrors.h
1 FatalError_1.cpp
1 nsPluginError.h
1 nsINSSErrorsService.idl
1 nsNetError.h
1 test_errorhandler_exception.js
1 ERROR_IF_SEE_THIS.txt^
1 plerror.h
1 plerror.c
1 prerror.h
1 _os2_errors.h
1 _unix_errors.h
1 _win32_errors.h
1 beos_errors.c
1 MacErrorHandling.h
1 os2_errors.c
1 unix_errors.c
1 w16error.c
1 win32_errors.c
1 prerror.c
1 prerrortable.c
1 nsISAXErrorHandler.idl
1 nsserrors.properties
1 nsICMSMessageErrors.idl
1 nsISSLErrorListener.idl
1 nsNSSErrors.cpp
1 secerror.c
1 test_error.c
1 errorval.c
1 pkix_errorstrings.h
1 pkix_error.c
1 pkix_error.h
1 pkix_pl_error.c
1 errors.dtd
1 errors.xul
1 alert-error.gif
1 error-large.png
1 bullet-error-aero.png
1 bullet-error.png
1 error-16-aero.png
1 error-24-aero.png
1 error-48-aero.png
1 error-48.png
1 error-64-aero.png
1 Error-aero.png
1 errorBar-30-aero.png
1 errorBar-30.png
1 errorBar-60-aero.png
1 errorBar-60.png
1 errorBarIcon-16-aero.png
1 errorBarIcon-16.png
1 errorGhosted-64-aero.png
1 nsError.h
1 nsErrorService.cpp
1 nsErrorService.h
1 nsIErrorService.idl
1 WhatError.cpp
1 yassl_error.hpp
1 yassl_error.cpp
1 ndb_error_reporter.1
1 perror.1
1 errors.result
1 error_simulation.result
1 have_perror.require
1 perror.result
1 rpl_critical_errors.result
1 rpl_EE_error.result
1 rpl_error_ignored_table.result
1 rpl_skip_error.result
1 sp-error.result
1 datadict_tables_error.inc
1 datadict_tables_error_1.inc
1 datadict_tables_error_1044.inc
1 datadict_tables_error_1049.inc
1 datadict_tables_error_1051.inc
1 datadict_tables_error_1146.inc
1 datadict_tables_error_1288.inc
1 errors.test
1 error_simulation-master.opt
1 error_simulation.test
1 perror.test
1 rpl_critical_errors.test
1 rpl_EE_error.test
1 rpl_error_ignored_table-slave.opt
1 rpl_error_ignored_table.test
1 rpl_skip_error-slave.opt
1 rpl_skip_error.test
1 sp-error.test
1 my_error.c
1 GrepError.hpp
1 SystemError.hpp
1 MgmtErrorReporter.hpp
1 ndberror.h
1 NdbError.hpp
1 GrepError.cpp
1 SystemError.cpp
1 ErrorHandlingMacros.hpp
1 ErrorReporter.cpp
1 ErrorReporter.hpp
1 ndberror.c
1 NdbErrorOut.cpp
1 NDBT_Error.hpp
1 ndb_error.hpp
1 NDBT_Error.cpp
1 ndb_error_reporter
1 perror.def
1 regerror.ih
1 mysql_manager_error.h
1 mini_client_errors.c
1 sql_error.h
1 test_errors.js
1 last_error_tags.txt
1 error_bytes_tags.txt
1 error_char_tags.txt
1 StandardError.java
1 raises_parse_error.rb
1 IgnoreErrorParticipant.java
1 IgnoreErrorFixParticipantTest.java
1 ctrl_1_ignoreerror.png
1 error_decoration.gif
1 relaunch_errors.png
1 PyDeleteErrors.java
1 CompletionError.java
1 ProjectConfigError.java
1 ErrorParserInfoForObservers.java
1 testerrors_ovr.gif
1 ErrorFileNode.java
1 RelaunchErrorsAction.java
1 ErrorWizardPage.java
1 ErrorDescription.java
1 AbstractGrammarErrorHandlers.java
1 PyParserErrorsTest.java
1 at_error.gif
1 IServiceErrors.java
1 ServiceError.java
1 ServiceErrors.java
1 Adding_custom_error_message_filters_to_the_Problems_View.html
1 Adding_custom_error_message_filters_to_the_Validation_View.html
1 Reporting_an_error_or_crash_in_Aptana.html
1 Syntax_Errors_and_Problems_View_(Ruby_development).html
1 IconErrors.png
1 IconToggleShowErrors.png
1 ConfigureErrorAnnotations.png
1 RubySyntaxError.png
1 CSSErrorManager.java
1 HTMLErrorManager.java
1 JSErrorManager.java
1 JSError.java
1 JSErrorConstructor.java
1 XMLErrorManager.java
1 YMLErrorManager.java
1 ShowErrors.java
1 ErrorDescriptor.java
1 ErrorMarker.java
1 ExternalFileErrorListener.java
1 FileError.java
1 FileErrorListener.java
1 IErrorManager.java
1 IFileError.java
1 IFileErrorListener.java
1 ProjectFileErrorListener.java
1 UnifiedErrorManager.java
1 UnifiedErrorReporter.java
1 ErrorDescriptorInfoDialog.java
1 IErrorMessage.java
1 ErrorsChangedEvent.java
1 img_icon_log_privateerror.png
1 img_icon_log_publicerror.png
1 img_icon_log_stagingerror.png
1 img_icon_service_error_small.png
1 img_icon_status_error.png
1 img_icon_status_error_small.png
1 img_status_error.png
1 TestErrorConstructor.java
1 TestErrorFromInvocation.java
1 TestErrorInstance.java
1 ErrorDescriptorTest.java
1 throwErrorSpec.js
1 random_error
1 RpcFailedError.java
1 error.xsl
1 error_friend.html.erb
1 error_friend_mobile.html.erb
1 error_mobile.html.erb
1 Errorr.php
1 logError.js
1 12_errorhandle.t
1 010_errors.t
1 smpp_error.erl
1 error.lisp
1 should_have_errors_spec.rb
1 rfcnb-error.h
1 error404.html
1 ServiceManagerError.java
1 error_of.hpp
1 error_of_mean.hpp
1 with_error.hpp
1 static_error.hpp
1 enable_error_info.hpp
1 error_info.hpp
1 io_error.hpp
1 common_error_handling.hpp
1 error_handler_result.hpp
1 runtime_error.hpp
1 classic_error_handling.hpp
1 cygwin_error.hpp
1 linux_error.hpp
1 windows_error.hpp
1 cpp_value_error.hpp
1 regex_error.hpp
1 check-hypergeometric-errors.py
1 MooDialog.Error.js
1 config_error_handler.txt
1 data-error1.txt
1 errors.rsrc
1 macerrors.py
1 ListErrorHandler.java
1 PythonErrorNode.java
1 ErrorExpr.java
1 ErrorMod.java
1 ErrorSlice.java
1 ErrorStmt.java
1 PyIndentationError.java
1 errorclass_failure.html
1 error_class_plugin.html
1 errorclass_failure.rst
1 errorclass_failing_test.py
1 errorclass_failure_plugin.py
1 errorclass_tests.py
1 errorclass.py
1 test_doctest_error_handling.py
1 errordocument.txt
1 errordocument.py
1 test_errordocument.py
1 error.cgi
1 fixtypeerror.py
1 find_error.py
1 errorapp.py
1 errorHandler.php
1 HTTPServiceErrors.html
1 HTTPServiceErrors.as
1 response_error_logger.erl
1 finderrorstest.py
1 ErrorCatchers.py
1 icp_number_error.json
1 database.errors.cpp
1 database.errors.hpp
1 Errors.html.svn-base
1 TestSAXHandlerError.java
1 TestErrorDialog.java
1 error_message_disk_full.mdwn
1 mig_error_reply.mdwn
1 subhurd_error_messages.mdwn
1 error_tsk.png
1 RemoteFileDownloadErrorEvent.as
1 error_log_controller.rb
1 error_log_helper.rb
1 error_log.rb
1 xml_errors.rb
1 _error.html.erb
1 20090409205033_add_index_to_errorlog_and_users.rb
1 YADISHTTPError.html
1 YADISParseError.html
1 slug_mismatch_error.rb
1 warn_error_images.psd
1 warn_error_images_60.psd
1 server_error.html
1 query-syntax-error.txt
1 error.lo
1 error.Plo
1 Error.cshtml
1 ScriptErrorException.java
1 UserErrorException.java
1 StorageInternalErrorException.java
1 error-parameter.jsp
1 issue_517_js_error_ie.html
1 oauth-response-error.trace
1 error_box.js.erb
1 _error_box.html.erb
1 watchman_errors.rb
1 public_timeline_error.json
1 InvalidOptionError.as
1 InvalidOptionError.as.svn-base
1 Errors.java.txt
1 ChatError.java
1 ChatProtocolError.java
1 ChatSocketError.java
1 AssertionFailedError.h
1 AssertionFailedError.cpp
1 EOFError.h
1 InternalError.h
1 Win32ThrowLastError.h
1 GetLastError.cpp
1 StyleError.svg
1 DDRStyleError.cs
1 api_route_error.res
1 vpn-errors.xml
1 nm-system-config-error.c
1 nm-system-config-error.h
1 IptError.as
1 NavErrorMessage.as
1 bn_error.c
1 error_string.c
1 krb5_rd_error.3
1 mk_error.c
1 rd_error.c
1 errorlist.c
1 gen-errorlist.py
1 TopologyValidationError.h
1 TopologyValidationError.cpp
1 ErrorStream.h
1 ZError.cpp
1 ZError.h
1 ZErrors.h
1 a_error.htm
1 e_error.htm
1 f_cerror.htm
1 f_error.htm
1 scaffold_error.php
1 login_error.jsp
1 db_error.erb
1 900_errors.t
1 CheckErrorsOperation.java
1 NullErrorListener.java
1 Error.jsp
1 error_do_not.png
1 error_do_not_small.png
1 error_fuck.png
1 flow_error.gif
1 errorPage.php
1 lang.ErrorHandler.php
1 terror.xml
1 fann_error.c
1 fann_error.h
1 CosEventChannelAdmin_TypeError.beam
1 CosEventChannelAdmin_TypeError.erl
1 CosNotification_PropertyError.beam
1 CosNotification_PropertyErrorSeq.beam
1 CosNotification_PropertyError.erl
1 CosNotification_PropertyErrorSeq.erl
1 ic_error.beam
1 snmpa_error.beam
1 snmpa_error_io.beam
1 snmpa_error_logger.beam
1 snmpa_error_report.beam
1 ServerErrorExceptionTest.php
1 django_error.html
1 reply_by_email_error.html
1 slim_error.rb
1 LexingError.cs
1 ParseError.cs
1 LexingError.java
1 NodeParseError.java
1 NodeParseError.class
1 AbstractMethodError.as
1 TApplicationError.as
1 TError.as
1 TProtocolError.as
1 TTransportError.as
1 pluginerrorview.cpp
1 pluginerrorview.h
1 pluginerrorview.ui
1 compile_error.png
1 ERRORS
1 test_errors.nu
1 cfmlerror.cfm
1 wheelserror.cfm
1 ControllerWithModelErrors.cfc
1 raisedErrors.cfc
1 errorMessageOn.cfc
1 errorMessagesFor.cfc
1 create_error.js.rjs
1 lockerror.html
1 ob-lilypond-test.error
1 errors.js
1 errorIcon-sm.png
1 errorentry.pt
1 error_config.pt
1 error_report.png
1 filelisterrordialog.glade
1 filelisterrordialog.py
1 errors.csv
1 InternalErrorPage.html
1 InternalErrorPage.page
1 InternalErrorPage.properties
1 InternalErrorPage_de.properties
1 InternalErrorPage_it.properties
1 InternalErrorPage_pl.properties
1 ErrorMsg.html
1 ErrorMsg.jwc
1 InternalErrorPageTestUi.java
1 error_handler.vxml
1 XmlErrorMsg.h
1 XmlErrorMsg.cpp
1 ErrorDescriptorTest.cpp
1 error-AL.config
1 ConfigurationError.java
1 DispatchingErrorHandler.java
1 LoggingDispatchingErrorHandler.java
1 RethrowingDispatchingErrorHandler.java
1 ModelAwareErrorCodeConverter.java
1 TestErrorCodeConverter.java
1 ModelAwareErrorCodeConverterTests.java
1 ErrorRenderingCallback.java
1 DefaultErrorRenderingCallback.java
1 ErrorsContainer.java
1 DefaultErrorRenderingCallbackTest.java
1 SimpleErrorResolver.java
1 FormErrorRenderingCallback.java
1 EmployeeErrorCodes.java
1 OfficeErrorCodes.java
1 OtherErrorCodes.java
1 DefaultErrorsToRuntimeExceptionTransformer.java
1 ErrorsToRuntimeExceptionTransformer.java
1 DefaultErrorCodeConverter.java
1 DefaultErrorCodeConverterTests.java
1 error_download.html
1 error_message_tags.txt
1 error_tags.txt
1 standard_error_tags.txt
1 tkbgerror.rb
1 bgerror.rb
1 exceptions_for_fxerror.rb
1 xerror.f
1 memcached_strerror.pm
1 memerror.c
1 memcached_strerror.pod
1 memerror.pod
1 memcached_strerror.c
1 04-strerror.t
1 json_error_handling.php
1 classxmlpp_1_1internal__error-members.html
1 classxmlpp_1_1internal__error.html
1 classxmlpp_1_1internal__error__inherit__graph.dot
1 classxmlpp_1_1internal__error__inherit__graph.md5
1 classxmlpp_1_1parse__error-members.html
1 classxmlpp_1_1parse__error.html
1 classxmlpp_1_1parse__error__inherit__graph.dot
1 classxmlpp_1_1parse__error__inherit__graph.md5
1 classxmlpp_1_1validity__error-members.html
1 classxmlpp_1_1validity__error.html
1 classxmlpp_1_1validity__error__inherit__graph.dot
1 classxmlpp_1_1validity__error__inherit__graph.md5
1 internal__error_8h.html
1 parse__error_8h.html
1 validity__error_8h.html
1 internal_error.cc
1 internal_error.h
1 parse_error.cc
1 parse_error.h
1 validity_error.cc
1 validity_error.h
1 test_error.xml
1 assert_error.rb
1 assert_error_test.rb
1 verify_error_test.rb
1 bowling_with_errors.js
1 Errorhandler.cpp
1 Errorhandler.h
1 gsa-no-werror-remove.patch
1 openvas-nowerror.patch
1 error_code.ipp
1 server_error.xml
1 Error.cc
1 SplashErrorCodes.h
1 errors.tpl.inc
1 shiberror.gsp
1 ErroronousStateException.groovy
1 ErroronousWorkflowStateException.groovy
1 decode_error.rb
1 encode_error.rb
1 erlectricity_error.rb
1 error-list-widget.js
1 error-list-widget-test.js
1 2007_10_14_spelling_error_in_comments.diff
1 smile_error.gif
1 validate_error.png
1 continueonerror.ps1
1 friendly_errors.txt
1 nested_error.rb
1 nested_error_spec.rb
1 client_errors.rb
1 server_error_500.mab
1 errors.rb.erb
1 Zend_Gdata_Gapps_Error.html
1 _Gdata---Gapps---Error.php.html
1 errors.ini
1 __mysql_errors.log
1 sign_error.tpl
1 DS_VW.terror.png
1 errormessages.brail
1 host_error.rb
1 website_error.rb
1 host_error_spec.rb
1 website_error_spec.rb
1 017_error_handling.t
1 004_role_composition_errors.t
1 022_custom_type_errors.t
1 032_throw_error.t
1 018_throw_error.t
1 003_Moose_Object_error.t
1 008_immutable_constructor_error.t
1 pdns_errors
1 06_error.t
1 eval_error.t
1 10_CPANPLUS-Error.t
1 19_errors.t
1 tbt_06errormess.t
1 attach_errors.t
1 01error.t
1 require_errors.t
1 log-error.gif
1 loaderror.rb
1 enables_custom_error_matching.yml
1 ActiveRecordError.html
1 AttributeAssignmentError.html
1 ConfigurationError.html
1 ConnectionTimeoutError.html
1 DangerousAttributeError.html
1 MissingAttributeError.html
1 MultiparameterAssignmentErrors.html
1 StaleObjectError.html
1 UnknownAttributeError.html
1 ClientError.html
1 InvalidRequestError.html
1 TimeoutError.html
1 CircularReferenceError.html
1 ParseError.html
1 IllegalBlockError.html
1 ArgumentError.html
1 MemCacheError.html
1 UsageError.html
1 template_error_rb.html
1 load_error_rb.html
1 name_error_rb.html
1 response_error.html
1 tst-ferror.c
1 Errormsg.h
1 test-error.c
1 RiotLogErrorReporter.java
1 HttpErrorController.java
1 ErrorPrintingExceptionHandler.java
1 RiotSaxErrorHandler.java
1 ErrorUtils.java
1 FormErrors.java
1 error.ftl
1 RiotLogErrorHandler.java
1 DefaultErrorResponseHandler.java
1 JsonErrorResponseHandler.java
1 InternalServiceErrorException.java
1 InternalServiceErrorExceptionUnmarshaller.java
1 ValidationErrorJsonUnmarshaller.java
1 BundleTaskError.java
1 BundleTaskErrorStaxUnmarshaller.java
1 S3ErrorResponseHandler.java
1 AuthorizationErrorException.java
1 AuthorizationErrorExceptionUnmarshaller.java
1 InternalErrorExceptionUnmarshaller.java
1 BatchResultErrorEntry.java
1 BatchResultErrorEntryStaxUnmarshaller.java
1 StorageGatewayError.java
1 AbstractErrorUnmarshaller.java
1 GlacierErrorUnmarshaller.java
1 JsonErrorUnmarshaller.java
1 LegacyErrorUnmarshaller.java
1 StandardErrorUnmarshaller.java
1 ErrorReportingActivities.java
1 ErrorReportingActivitiesImpl.java
1 Errors.java
1 statusError.png
1 table-error.tif
1 0.02-0.03-screenshot-errorbox.png
1 0.02-0.03-screenshot-status-serverinfo-errorbox.png
1 error_invalid_domain_name.txt
1 EsentErrorException.cs
1 HelperMethodErrorHandlingTests.cs
1 ErrorsFixture.cs
1 ErrorsProcess.cs
1 ErrorMaster.spark
1 smoke-errors.log
1 fmod_errors.h
1 associated_object_missing_error.rb
1 error_handler_basic.rb
1 illegal_state_error.rb
1 invalid_parameter_error.rb
1 possible_error.rb
1 unexpected_user_agent_error.rb
1 00-errorhandling.t
1 smerf_error.gif
1 PHP Error Catching.tmSnippet
1 textmate_error_handler.html
1 Jump to Next Error.tmCommand
1 InitErrorJob.java
1 2.2.1. Typical errors
1 C.2. Reporting errors
1 bare_error.tt2
1 errors.in
1 ErrorsTests.py
1 builderrors.py
1 Action-error.py
1 ConfigureDryRunError.py
1 AttributeError.py
1 InternalError.py
1 NameError.py
1 UserError.py
1 PCHSTOP-errors.py
1 scons-bat-error.py
1 rest_error.rb
1 versioning_error.rb
1 ErrorSuccess.html.php
1 ErrorSuccess.json.php
1 ErrorSuccess.xml.php
1 ErrorLogger.cs
1 LoginErrorEvent.as
1 ErrorUtil.as
1 _model_errors.html.erb
1 _validation_errors.html.erb
1 triError.c
1 triError.h
1 libssh2_session_last_error.3
1 libssh2_sftp_last_error.3
1 payment_cancel_error.html
1 payment_create_error.html
1 errors.png
1 no_errors.png
1 ares_strerror.3
1 curl_easy_strerror.3
1 curl_multi_strerror.3
1 curl_share_strerror.3
1 libcurl-errors.3
1 dnxError.c
1 dnxError.h
1 parse_error.fy
1 name_error.fy
1 no_method_error.fy
1 AdministrativeError.java
1 ErrorObject.java
1 win32errors.properties
1 win32errors_es.properties
1 win32errors_ja.properties
1 error.jelly
1 error_de.properties
1 error_es.properties
1 error_fr.properties
1 error_ja.properties
1 error_tr.properties
1 loginError.jelly
1 loginError_de.properties
1 loginError_es.properties
1 loginError_fr.properties
1 loginError_ja.properties
1 loginError_ko.properties
1 loginError_nl.properties
1 loginError_pt_BR.properties
1 loginError_ru.properties
1 loginError_tr.properties
1 error.svg
1 folder-error.gif
1 text-error.gif
1 error_403.html.haml
1 error_404.html.haml
1 error_500.html.haml
1 div.error.1
1 cpl_error.cpp
1 cpl_error.h
1 ParseError.java.svn-base
1 cverror.cpp
1 cverror.h
1 error_collector.php
1 error_collector_test.php
1 OBError.vcproj.svn-base
1 _custom_errors.sass
1 1error.h
1 1error.c
1 standard-error.scm
1 standard-error-port
1 sys_catch-errors
1 sys_strerror
1 retryable_error.rb
1 test_catch_invalid_scenario_error.py
1 test_catch_invalid_scenario_error_en-us.acc
1 test_catch_invalid_scenario_error_pt-br.acc
1 test_wait_for_element_error.acc
1 test_wait_for_element_error.htm
1 test_wait_for_element_error.py
1 test_wait_for_element_error_pt-br.acc
1 error.less
1 Error.class
1 OutOfMemoryError.class
1 VirtualMachineError.class
1 ErrorBasedMeritEvaluator.java
1 VisualizableErrorEvent.java
1 VisualizableErrorListener.java
1 ClassifierErrorsPlotInstances.java
1 ErrorVisualizePlugin.java
1 ClassifierErrorsMathtools.eps
1 ClassifierErrorsWeka.eps
1 PredictionError.eps
1 ClassifierErrorsWeka.java
1 PredictionError.java
1 _error_dialog.html.haml
1 logo_error.gif
1 logo_error.png
1 09-copy-mail-cp-error
1 20-copybody-cp-error
1 24-replace-aready-error
1 25-mddiff-error
1 active_form_error.html.erb
1 error_message_fr.html.erb
1 rails_request_error.rb
1 munin_rails_request_error
1 eircd_errorcodes.hrl
1 friendly_error_page.php
1 error_dump.php
1 error_page.php
1 error.inc.php
1 webmachine_error_handler.erl
1 field_with_errors.rb
1 li_error.gif
1 _error_messages.sass
1 ConfigArgumentError.html
1 AssertionFailedError.html
1 ClassNotFoundError.html
1 InstanceNotFoundError.html
1 UnimplementedFeatureError.html
1 AWTError.java
1 AbstractMethodError.java
1 AssertionError.java
1 ClassCircularityError.java
1 ClassFormatError.java
1 ExceptionInInitializerError.java
1 IllegalAccessError.java
1 IncompatibleClassChangeError.java
1 InstantiationError.java
1 InternalError.java
1 LinkageError.java
1 NoClassDefFoundError.java
1 NoSuchFieldError.java
1 NoSuchMethodError.java
1 OutOfMemoryError.java
1 StackOverflowError.java
1 UnknownError.java
1 UnsatisfiedLinkError.java
1 UnsupportedClassVersionError.java
1 VerifyError.java
1 VirtualMachineError.java
1 AnnotationFormatError.java
1 GenericSignatureFormatError.java
1 CoderMalfunctionError.java
1 CodingErrorAction.java
1 ServerError.java
1 receipt_response_internal_error.xml
1 error_email.html
1 NestableError.class
1 NestableError.java
1 sym_xslt_error.jpg
1 ExpectationViolationError.html
1 MockError.html
1 IMethodOptions_throwError.as
1 ExpectationViolationError.as
1 MockError.as
1 TypeNotFoundError.as
1 ASMockMetadataError.as
1 UsageError.as
1 ErrorInMethod.as
1 errorscaling.cpp
1 errorscaling.h
1 bar.errors.panel.phtml
1 bar.errors.tab.phtml
1 M05_ignoreErrors.ik
1 tag_format_error.rb
1 help_coldc_errors.cdc
1 help_coldc_types_errors.cdc
1 help_func_error.cdc
1 ibuserror.c
1 ibuserror.h
1 error_page_parameter_403
1 SemanticError.java
1 lmc_error.c
1 lmc_error.h
1 missing_template_error.rb
1 AbstractMemberCalledError.as
1 ResultError.xml
1 Error.as
1 error.php.old.php
1 raise_error_example.rb
1 page_with_error.haml
1 page_with_partial_error.haml
1 partial_with_error.haml
1 css_with_error.sass
1 172-os-daemon-errors.1.sh
1 172-os-daemon-errors.2.sh
1 172-os-daemon-errors.3.sh
1 172-os-daemon-errors.4.sh
1 172-os-daemon-errors.t
1 test_error.py
1 test_error.pyc
1 test_strerror.py
1 test_strerror.pyc
1 test_jabbererror.py
1 test_jabbererror.pyc
1 error_message.txt.svn-base
1 20090313184653_correct_some_naming_errors_in_stream.rb
1 ErrorsController.generated.cs
1 CodingStandardError.java
1 cs-error-annotation.xml
1 cserror.png
1 cxerror.h
1 Nullerrorhandler.cpp
1 UIErrorsFrame.lua
1 UIErrorsFrame.xml
1 sslerrorsdialog.cpp
1 sslerrorsdialog.h
1 sslerrorsdialog.ui
1 generalerror.html
1 MyErrorCodeConverter.java
1 errors.properties
1 libgpg-error.mk
1 libpng-remove-setjmp-error.patch
1 tcl-configure-syntax-error.patch
1 tslib-1.0-remove-return-on-error-from-check-df.patch
1 errorWithResp.gif
1 errorWithResp_small.gif
1 error_bg.gif
1 FatalError.xml
1 C4GfxErrorDlg.cpp
1 C4GfxErrorDlg.h
1 CommandError.html
1 InvalidCommandError.html
1 cdesc-CommandError.yaml
1 cdesc-InvalidCommandError.yaml
1 QuestionError.html
1 cdesc-QuestionError.yaml
1 JSONError.html
1 NestingError.html
1 ParserError.html
1 error_dialog-c.yaml
1 cdesc-GeneratorError.yaml
1 cdesc-JSONError.yaml
1 cdesc-NestingError.yaml
1 cdesc-ParserError.yaml
1 client_error%3f-i.yaml
1 server_error%3f-i.yaml
1 error-i.yaml
1 cdesc-ServerError.yaml
1 checkstyle-frames-errors.xsl
1 html_module_errors.py
1 default_module_errors.py
1 monthlyreports_submit_error.htm
1 error-x.png
1 2008-01-30-sprint-error-911-and-the-download-domain.textile
1 20100116215109_add_error_to_account.rb
1 errormessage.properties
1 error_codes.js
1 error.tid
1 errorHandling.js
1 ErrorHandler.js
1 ErrorHandler.js.meta
1 test_ErrorHandler.js
1 kcode_error.rb
1 test_error_handle.rb
1 test_x_attribute_error.rb
1 test_x_syntax_error.rb
1 test_x_typeerror.rb
1 ErrorDlg.wxs
1 ErrorProgressText.wxs
1 FatalError.wxs
1 validation_errors.css
1 errorNavigator.vm
1 perror.fish
1 GetLintErrorsTest.php
1 ErrorRetyper.scala
1 errorInterpreter.scala
1 CheckerError.scala
1 LubError.scala
1 MatchError.scala
1 NotDefinedError.scala
1 UninitializedError.scala
1 UninitializedFieldError.scala
1 SyntaxError.scala
1 typeerror.check
1 typeerror.scala
1 errors.check
1 errors.scala
1 sfErrorNotifierPluginConfiguration.class.php
1 sfErrorNotifier.php
1 sfErrorNotifierMail.php
1 ErrorWindow.xaml
1 ErrorWindow.xaml.cs
1 DataBindError.cs
1 dbo.spSCHED_RaiseError.sql
1 ErrorSummary.cs
1 ValidationInternalError.cs
1 ErrorSummaryTestCase.cs
1 SaveError.brail
1 UpdateError.brail
1 UpdateErrorMsg.brail
1 errorcreatingaccount.vm
1 sc-new-errors.jpg
1 ParseErrorException.cs
1 TokenMgrError.cs
1 error404.xhtml
1 apache_vh_errors
1 error_recovery.py
1 patch_errors_helper.rb
1 SCAPIErrors.h
1 app_error.rb
1 20090611162240_create_app_errors.rb
1 20090611164644_add_error_and_exception_ids_to_email.rb
1 20090611165416_rename_error_and_exception_ids_to_email.rb
1 app_errors.yml
1 app_error_spec.rb
1 parse_errors.haml
1 cutil_gl_error.h
1 error_checker.h
1 couchdbkit.exceptions.BadValueError-class.html
1 couchdbkit.exceptions.BulkSaveError-class.html
1 couchdbkit.exceptions.DesignerError-class.html
1 couchdbkit.exceptions.DuplicatePropertyError-class.html
1 couchdbkit.exceptions.MacroError-class.html
1 couchdbkit.exceptions.ReservedWordError-class.html
1 couchdbkit.exceptions.ViewServerError-class.html
1 greenlet.error-class.html
1 Error_messages.mm
1 jserror.pxi
1 error_test.py
1 model_errors.js
1 model_errors_test.js
1 application_errors.haml
1 flash-error-bg.jpg
1 GITErrors.h
1 GITErrors.m
1 SSHError.h
1 SSHError.m
1 CollectionViewError.as
1 CursorError.as
1 ItemPendingError.as
1 SortError.as
1 test-error_async.js
1 test-error_outside_suite.js
1 test-error_sync.js
1 test-error_syntax.js
1 test-error_test_already_finished.js
1 test-error_test_already_finished_async.js
1 test-error_uncaught_exception_handler.js
1 test-bind-error.c
1 test-bind6-error.c
1 throw_custom_error.js
1 throw_custom_error.out
1 throw_non_error.js
1 throw_non_error.out
1 test-stream-pipe-error-handling.js
1 error_list.rhtml
1 gtk-dialog-error.png
1 gtk-dialog-error.svg
1 PumpingTaskError.java
1 errorvalues.dtd
1 errorvalues.xml
1 ErrorType.hbm.xml
1 ErrorValues.hbm.xml
1 error_explanation.js
1 midcom-show-error.xhtml
1 danerror.cpp
1 danerror.h
1 action_privileges_error.tpl
1 get-response-error.xml
1 rails_errors.css
1 error-constructors.js.svn-base
1 AuthSSLInitializationError.java
1 006-returned-error.t
1 04unhandlederrors.t
1 05handlederrors.t
1 ErrorTemplates.pm
1 mason_internal_error
1 error_text
1 call-region-with-error
1 region-with-error
1 template-with-error
1 20-error-pages.t
1 EmailErrors.pm
1 EmailError.pm
1 dereference-error.html
1 Errors
1 compilation_errors.t
1 errors_in_reply_to-RT-3.6.1.patch
1 NxOgreErrorStream.cpp
1 NxOgreErrorStream.h
1 class_Error.html
1 class_ErrorStream.html
1 class_Error.textile
1 class_ErrorStream.textile
1 errors.pyc
1 error.master
1 mole_error.png
1 error.spad.pamphlet
1 omerror.spad.pamphlet
1 hterror.c
1 hterror.h
1 error.bitmap
1 hterror.H1
1 errortrap.input.pamphlet
1 g-error.boot
1 serror.boot
1 spaderror.lisp
1 cst_error.h
1 cst_error.c
1 GDataServerErrorTest.m
1 PageWithAnError.java
1 PageWithAnError.tml
1 ajax_errors.py
1 errors.launch
1 errors.tmproj
1 gstringTagError.gsp
1 internalTagError.gsp
1 regularExpressionError.gsp
1 tagExpressionError.gsp
1 ErrorHandlingFunctionalTests.groovy
1 ErrorController.groovy
1 handleError.gsp
1 _remoteError.gsp
1 XmlRpcErrorCodes.cs
1 SecurityError.java
1 SecurityErrorRepository.java
1 SecurityErrorRepositoryImpl.java
1 model_errors.html
1 ErrorManager.php
1 ErrorManagerTest.php
1 ErrorProducer.php
1 RunErrorProducer.php
1 TestDailycountsError.xml
1 TestGetinfoError.xml
1 TestToptagsError.xml
1 _error_list.html.erb
1 _umls_error_response.html.erb
1 _xml_error_response.html.erb
1 20091023201304_longer_error_locations.rb
1 c32_v2.4_errors.xslt
1 c32_v2.5_errors.xslt
1 ConfigureError.tpl
1 ErrorMessage.tpl
1 FD11A2E1%%error.tpl.php
1 errors.en.ini
1 errorreader.js
1 form_error.tpl
1 voip_error_codes.inc
1 error0001.rdf
1 error0002.rdf
1 error0003.rdf
1 error0004.rdf
1 error0005.rdf
1 error0006.rdf
1 error0007.rdf
1 error0008.rdf
1 error0009.rdf
1 error1.rdf
1 error007.rdf
1 error-001.rdf
1 error-002.rdf
1 error-003.rdf
1 error-004.rdf
1 error-005.rdf
1 error-006.rdf
1 error-007.rdf
1 error-008.rdf
1 error-009.rdf
1 error-010.rdf
1 error-011.rdf
1 error-012.rdf
1 error-013.rdf
1 error-014.rdf
1 error-015.rdf
1 error-016.rdf
1 error-017.rdf
1 error-018.rdf
1 error-019.rdf
1 error-020.rdf
1 error001.nt
1 ElementNotFoundError.html
1 site_error_notification_in_farcry_3.haml
1 form_error.php.svn-base
1 error1
1 error10
1 error11
1 error12
1 error13
1 error16
1 error17
1 error18
1 error19
1 error2
1 error20
1 error22
1 error23
1 error24
1 error25
1 error3
1 error4
1 error5
1 error7
1 error8
1 error9
1 Tiny Corpus Applications with Transformation-Based Error-Driven oral-17.pdf
1 Errors.inc
1 error.ini
1 errormsg.c
1 errormsg.h
1 test_errormsg.c
1 _errors.html.erb
1 error_xml.rb
1 errorReply.js
1 mysac_errors.o
1 strict-eval-loop-error.js
1 testErrorReportIn_getPrototypeOf.js
1 adding-global-var-nonextensible-error.js
1 clone-errors.js
1 worker-error-child.js
1 worker-error-propagation-child.js
1 worker-error-propagation.js
1 worker-error.js
1 osapiError.php
1 nagios_network_errors
1 localized-error-pages
1 error_handler_SUITE.erl
1 errors.seq
1 error.mrc
1 error-help.json
1 error-icon.png
1 page-error.tt2
1 all_errors.pm
1 connect_errors.pm
1 02_error.t
1 bed_04_more_cols_error.bed
1 error404.xsl
1 _form_error.erb
1 ConstantError.cs
1 error.sgml
1 error-handler.scm
1 errorprop.scm
1 format-errors-robots.txt
1 Error.htm
1 error-2010-02-28175330Z-b23084e4-0ef5-4dde-982d-56c12ca95759.xml
1 error-2010-02-28175337Z-f77f3dae-0f11-4d59-bef1-bb548609cdf9.xml
1 error-2010-02-28175338Z-e633d91b-cea8-4ef3-b255-3c02ce9e260e.xml
1 error-2010-02-28175432Z-f02b8bec-414e-452f-be33-aac9f10145cc.xml
1 error-2010-02-28175449Z-9889673b-a9c9-43d0-a815-08a5dbc7ae89.xml
1 error-2010-03-07115801Z-61497cc9-51f6-4639-917a-1780d632ecd9.xml
1 error-2010-03-07123209Z-a3ce3fed-ca6a-4fd8-b118-3da033aef697.xml
1 error-2010-03-13122447Z-7e9281f4-b106-4ac3-94b3-25bdbb11547e.xml
1 error-2010-03-13122516Z-80b774e9-dc1a-45bb-a07a-645f4ff37059.xml
1 error-2010-03-13122520Z-a0c7ab3b-68ff-4d0a-8801-809cf1696c12.xml
1 error-2010-03-13122522Z-300f3ce6-6778-491f-8cd4-5894b278f67c.xml
1 error-2010-03-13122648Z-dbf31763-dd6a-48e6-adcf-e857eb3a55e9.xml
1 error-2010-03-13122650Z-98d89e9a-8927-4144-82fa-ac8b61b7fc6a.xml
1 error-2010-03-13122657Z-0d6456e7-44ee-4589-b40f-2c8dc4903377.xml
1 error-2010-03-13122706Z-658dde5c-a0f8-4bf7-a389-a0e72aab48b6.xml
1 error-2010-03-13122739Z-6f8a7fe8-a8d9-40ff-a54a-a507fc160c36.xml
1 error-2010-03-13122822Z-0bf5b1c3-af54-4f75-adf5-4f8b8aff5211.xml
1 error-2010-03-13122826Z-5403c975-0e8f-4e1e-8225-7b2a5d8c060b.xml
1 error-2010-03-13122827Z-1413eed2-7858-4986-9979-66b78fec4900.xml
1 error-2010-03-13122848Z-252a426c-a049-47ac-906c-bb62c575b362.xml
1 error-2010-03-13122850Z-f64fef75-671f-4109-b8b7-70c4e0e4c458.xml
1 error-2010-03-13122906Z-1450eae8-7ce0-4ca0-85e9-ed6f00bd662c.xml
1 error-2010-03-13122909Z-4b911ce4-eea4-42af-9a2b-775552604382.xml
1 error-2010-03-13122911Z-39b5d51f-af99-41d9-a718-a9ea0eb14f0e.xml
1 error-2010-03-13122942Z-d4b05546-1934-4ff2-9708-c895019d6221.xml
1 error-2010-03-13123012Z-f2dd5ee8-acf5-4eb1-ae9b-7b4c9d0f5eb2.xml
1 error-2010-03-13123018Z-f06d1a8f-317d-4ba9-ab33-a0bc9a027605.xml
1 error-2010-03-13123030Z-6f633d1d-784c-44b0-b806-49dd37ef3427.xml
1 error-2010-03-13123035Z-484a03fb-8bba-4670-b4ff-b69399eec963.xml
1 error-2010-03-13123134Z-044ded21-9e43-4f7a-8aba-8bff939d2e83.xml
1 error-2010-03-13123143Z-3ac922fd-5b62-4e83-8b3d-0cf9c46ff82f.xml
1 error-2010-03-13123150Z-dfef3b4e-c876-4b6c-9b18-0679679f033d.xml
1 error-2010-03-13123209Z-63834225-ea7a-4c7d-97e7-09bb0bc644bf.xml
1 error-2010-03-13124850Z-fcdbb4a7-a77e-4825-8850-c854261d217a.xml
1 error-2010-03-13131019Z-47c87e8f-eab5-453f-8cd8-6c19a83b9990.xml
1 error-2010-03-13132315Z-e9f5224b-00bc-46aa-8686-41591bde1014.xml
1 error-2010-03-13133611Z-b3737f73-9018-46ab-83d0-5ca212571127.xml
1 error-2010-03-13133616Z-a005bf1b-a565-4f91-928e-6ec3dd0b67c4.xml
1 error-2010-03-13133622Z-65139711-cc9c-4a70-a36e-982652f9019b.xml
1 error-2010-03-13140359Z-6bf48edf-0075-4f7e-bdba-475a7a81159d.xml
1 error-2010-03-13140507Z-12d48ac3-c1b0-47c8-a9a6-fc45063d80c8.xml
1 error-2010-03-13140618Z-fff79e14-ed98-47cf-9f81-4cd3198a8e39.xml
1 error-2010-03-13140715Z-46064a26-cec7-4a3c-ae58-e8cc2b1edf2c.xml
1 error-2010-03-13140717Z-beca45a2-e3ce-4e71-ba3d-6bc8aa32f66c.xml
1 error-2010-03-13140836Z-4185ec58-ca66-4aa7-902f-24cbb8cff08a.xml
1 error-2010-03-13140857Z-e93df5f6-5009-4137-891f-882f41076859.xml
1 error-2010-03-13140859Z-921fb28c-f95b-42b9-a93d-2ab5b02e8d27.xml
1 error-2010-03-13141011Z-ec45d7e4-f674-432b-9f31-47b3e46313a8.xml
1 error-2010-03-13141012Z-3ac98662-6376-47c7-b5e3-b56a409f8a91.xml
1 error-2010-03-13141140Z-8e703891-bdfa-40ff-8ec8-c135f4fedca3.xml
1 error-2010-03-13141141Z-f92ac47b-4fac-463c-ac11-2f408d688ce5.xml
1 error-2010-03-13141150Z-580a2d0d-bf39-4ef9-9c33-03900eecb431.xml
1 error-2010-03-13141221Z-73a61ef3-191b-44c4-ae2f-96db3beec72b.xml
1 error-2010-03-13141221Z-f849d820-3aac-4d07-9876-229de4a52bbc.xml
1 error-2010-03-13141222Z-9623cb64-f601-47d7-bf3c-8427e58efa4a.xml
1 error-2010-03-13141237Z-d4568345-cbb2-4dca-8291-485e1b45c49e.xml
1 error-2010-03-13141237Z-dec666f1-33ce-4bbc-b80e-c0c1fd5447d1.xml
1 error-2010-03-13141238Z-89526172-7202-4efa-81e3-b99f093b628e.xml
1 error-2010-03-13141334Z-d22fefd7-64c3-4c9e-a289-46fb324c0a69.xml
1 error-2010-03-13141342Z-54495e06-8a88-4caa-8c25-824e894efccb.xml
1 error-2010-03-13204749Z-c52cf791-0aca-423d-9742-28701853b1a7.xml
1 error-2010-03-13204751Z-fdc8562f-8251-4cc9-af2b-a484f63cae77.xml
1 error-2010-03-14081054Z-db99a42c-9e12-4753-a1b8-01f2d9926bee.xml
1 error-2010-03-14081057Z-8f9292ea-93aa-4219-8883-6ff28bb1b89d.xml
1 error-2010-03-14081207Z-a7e2b7cf-86c5-47bb-bdc8-d324ba226de9.xml
1 error-2010-03-14081216Z-0516e864-81d8-4a1a-8372-9e50fe227830.xml
1 error-2010-03-14081255Z-c5c233c7-922c-461b-a2d3-f8c9ab22d336.xml
1 error-2010-03-14081300Z-c1efcf28-6a84-4d7f-bbd9-ee19ed797984.xml
1 error-2010-03-14081414Z-bd565c98-b928-4262-a69e-d85cc1ef811f.xml
1 error-2010-03-14081755Z-6b7539b0-a2b4-4b54-afb6-d6a58830c16f.xml
1 error-2010-03-14081804Z-b9517a81-9c06-44b2-a5ca-8cd8206e4808.xml
1 error-2010-03-14092441Z-7ba42f7a-f65c-4325-b556-e68f2f3d7ff9.xml
1 error-2010-03-14093635Z-f0d783e4-ead3-4342-937a-5d99cc5a124c.xml
1 error-2010-03-14095953Z-f8e4fe33-7f95-4ea2-bde9-80029d6b0ac2.xml
1 error-2010-03-14100102Z-8b4bc1e7-7d07-44a1-8871-2692885ca15f.xml
1 error-2010-03-14100158Z-897ff6ad-aa6d-4e94-b424-fa6d13f60f62.xml
1 error-2010-03-14100221Z-ca467b99-dd2f-4987-a1ca-d0815522e290.xml
1 error-2010-03-14100305Z-36f5768d-2895-49bb-ac88-ccbc27fcbc0a.xml
1 error-2010-03-14100350Z-90287f86-8959-4bb4-be1a-1625f7e85045.xml
1 error-2010-03-14100448Z-cbe16938-5a13-4a52-8164-8e007834e97b.xml
1 error-2010-03-14100455Z-03d45609-5b60-4742-bd08-d85fe598e873.xml
1 error-2010-03-14100459Z-ccb301a6-c44f-4cca-a2c1-10f4758a8b11.xml
1 error-2010-03-14100504Z-152c753b-6fb5-4cb3-9f3d-c88d41ffa082.xml
1 error-2010-03-14100508Z-9a5b845b-3818-4168-97b7-64cf72c444bd.xml
1 error-2010-03-14131304Z-485f1a71-e826-4aae-8261-9ae5a07f602a.xml
1 error-2010-03-14131317Z-5a1fc9d2-2e3f-4c12-92c5-e0ecb9ce807c.xml
1 error-2010-03-14131759Z-2531aa30-e3d7-4202-a7c1-831afe2cf16f.xml
1 error-2010-03-14131802Z-761adace-c97d-4544-a35d-5123b518cde7.xml
1 error-2010-03-14131810Z-aee52e7f-2f86-48d5-a518-7772bb31abfa.xml
1 error-2010-03-21085428Z-3f0202b8-b4ae-45b8-b021-bdad81518cdc.xml
1 error-2010-03-21085603Z-f84e6002-a522-4472-bf90-54bbd1a89359.xml
1 error-2010-03-28090016Z-2203899e-e31d-49df-abd2-99c7374e6078.xml
1 error-2010-03-28090018Z-33cf746a-8abc-4dd5-9904-46168b892fcc.xml
1 error-2010-03-28090141Z-84d10f3f-40e0-482c-8bf9-f588c4bede22.xml
1 error-2010-03-28090142Z-a6e8b6bc-cabe-40ec-a038-3731fdb38734.xml
1 error-2010-03-28090335Z-ec9cc67a-db2a-4d8c-a7fe-d3c3dbb2f798.xml
1 error-2010-03-28090336Z-8a35f7a4-9776-4f25-99c1-a76b3ae1a239.xml
1 error-2010-03-28090412Z-a9a719f6-40e6-4477-9595-0b596280771c.xml
1 error-2010-03-28092440Z-ac13ed9d-a72a-4689-83bd-eff73251ef92.xml
1 error-2010-03-28092636Z-26bbb030-d7bb-410d-8d31-4d74e1fdecf4.xml
1 error-2010-03-28092701Z-2cb567fa-d38f-4df2-bb44-62d45a6b185d.xml
1 error-2010-03-28092708Z-764d345d-76e7-4f2b-bf35-1bc983d1f547.xml
1 error-2010-03-28092711Z-d2893053-fa39-47e3-9442-87846741e329.xml
1 error-2010-03-28092713Z-c459ed7b-37f7-44c2-99ce-4f4dc7180cc1.xml
1 error-2010-03-28092715Z-a26a4413-a6a6-4847-bf7f-a75287dce1e8.xml
1 error-2010-03-28092729Z-1667abce-e773-4760-9157-3b8850a3f8ee.xml
1 error-2010-03-28092738Z-082fd726-131b-4145-8bbe-e33378e256a8.xml
1 error-2010-03-28092750Z-2a41f114-6720-45d9-bb21-67279ec4c6c7.xml
1 error-2010-03-28092800Z-f5a957a5-df25-4743-ae70-bda9839b7e9d.xml
1 error-2010-03-28092817Z-6d8695dd-4797-4231-a799-3aac3770a0b4.xml
1 error-2010-03-28114710Z-a6eca0f1-14d0-4d1b-aa98-cc480adae7c4.xml
1 error-2010-03-28115224Z-1e052ade-bab7-4ca3-bffe-e1b50bc9a732.xml
1 error-2010-03-28115257Z-6148dcaa-aa34-4d16-a4c3-4e34a2190534.xml
1 error-2010-03-28115310Z-4643877d-461d-4b98-9271-4b939b373b9d.xml
1 error-2010-03-28121808Z-06a299cd-7c3c-4f12-9d0d-a345627b5e07.xml
1 error-2010-03-28121809Z-00e42960-000d-431c-8660-8bbdde39afe8.xml
1 error-2010-03-28121828Z-49ee163a-a904-4f26-a642-2b2428794b93.xml
1 error-2010-03-28121829Z-f811019b-90ab-49e4-8240-80e177614272.xml
1 error-2010-03-28123413Z-1299cae4-600a-4232-b3df-35cd12974862.xml
1 error-2010-03-28123426Z-908ca4af-7af6-48c3-8ca1-f5d28ff17988.xml
1 error-2010-03-28123524Z-f9b763ab-0e04-479b-bc7e-e0b462230539.xml
1 error-2010-03-28123641Z-922ff6c1-2c55-4e12-9559-eee43f3c36c3.xml
1 error-2010-03-28124637Z-3e5faf97-547e-40a6-9d43-6449480bad46.xml
1 error-2010-03-28124752Z-a619a704-e084-4031-9d88-18a3d4745795.xml
1 error-2010-03-28124813Z-81cb8a4e-b672-47f8-9910-808bd4949adc.xml
1 error-2010-03-28124822Z-9b3ac5fa-a608-49d1-bf23-1404058b2aeb.xml
1 error-2010-03-28124844Z-aa5c4c71-94b4-4433-b3e4-5378ee2133d0.xml
1 error-2010-03-30071831Z-7d037c58-7c2e-43c0-9f56-de9db11c149d.xml
1 error-2010-03-30084605Z-61ca098f-835a-4205-8950-9c3f7a95e003.xml
1 error-2010-03-30084606Z-541f8998-4f56-4e78-987b-692af1ff22a3.xml
1 error-2010-03-30084623Z-89f9e452-cf18-49cb-a881-3308d1a2b860.xml
1 error-2010-03-30084625Z-c3411fd3-88c2-45ac-a9f8-9ee2a220bb3d.xml
1 error-2010-03-30084627Z-07f5d313-0a87-4880-a58b-b8c941396287.xml
1 error-2010-03-30084628Z-a58d5cae-2597-4689-950b-839c5fada5fd.xml
1 error-2010-03-30084737Z-1ec4dc45-73bb-483c-9566-4ab1e23d2a31.xml
1 error-2010-03-30084738Z-bb797c71-7712-4c8c-ab9e-40351ba350b8.xml
1 error-2010-03-30084936Z-69072baf-7add-43d6-b4c7-e03bd5ac07c1.xml
1 error-2010-03-30084937Z-7d8763a8-311d-4244-ac1a-0149f3c350c5.xml
1 error-2010-04-03171159Z-cd95701f-fa92-40ab-9cf3-35045673e3ac.xml
1 error-2010-04-03171206Z-98cd4270-d50f-49be-8af6-00e4f5d1e25f.xml
1 error-2010-04-03171220Z-fdf879d9-2105-448f-a2d2-ae9853e48aec.xml
1 error-2010-04-04075617Z-c8ea745c-5522-48f5-beb1-23671819d4e4.xml
1 error-2010-04-04082129Z-eab753e7-e1ee-466b-b146-c6c421002cb9.xml
1 error-2010-04-04082448Z-75fef4fd-2293-4aa8-b9d9-972382a44988.xml
1 error-2010-04-04082514Z-f2381b71-3390-4efb-8024-2398dcca786d.xml
1 error-2010-04-04082535Z-f6d723e1-115e-43a8-9104-3776d2b00f14.xml
1 error-2010-04-04082536Z-ad8d6688-4221-45ad-a1cc-9598bb14ad69.xml
1 error-2010-04-04082547Z-7cbfa982-d2db-4b99-95ab-3bab7e1d597f.xml
1 error-2010-04-04083618Z-c42e59d2-a769-40d1-a65c-913cac3ed0c3.xml
1 mod_http_errors.lua
1 feedback_error.php
1 feedback_error.php.svn-base
1 meta_error.c
1 meta_error.h
1 HttpErrors.cs
1 jerror.obj
1 AugeasErrorCode.java
1 irc_error_test.rb
1 jdbcmysql_error.rb
1 form_with_errors.png
1 routing_error_no_controller.png
1 routing_error_no_route_matches.png
1 error_controller.rb
1 message_size_error.rb
1 ErrorHandler.hx
1 ErrorReporter.hx
1 ConnectionError.html
1 q210b_error.pdf
1 q211_errors.pdf
1 q211_errors_lscale.pdf
1 prob-conn-neterror.page
1 glib-errors-enum-body-gen.py
1 glib-errors-enum-header-gen.py
1 apache-error_log
1 helper-error.h
1 ErrorInfoHeader.class
1 error_handler.wspec
1 gpm-1.20.5-no-dumb-error-messages.patch
1 Error.c
1 _error_div.html.erb
1 Information or Error.php
1 log_without_errors.log
1 log_with_errors.log
1 ExpectationError.as
1 InvocationError.as
1 MockolateError.as
1 VerificationError.as
1 FlavourMismatchError.as
1 pluginwithsyntaxerror.py
1 IllegalStateError.as
1 JSONParseError.as
1 ErrorHighlight.php
1 ErrorSummary.php
1 _error.haml
1 catch-errors
1 Dynamic_Error.tmpl
1 Master_Dynamic_Error.tmpl
1 Profile_Error.tmpl
1 error_edit.tpl
1 error_pages.tpl
1 error_1.png
1 XMPPErrors.as
1 using.errors.md
1 FBRequestError.java
1 ._Errors.py
1 sd_error.xml
1 Ext.ux.ErrorList.html
1 ErrorList.html
1 ext-errorlist-simple-validation.html
1 thumb-errorlist.gif
1 ErrorList.js
1 ErrorList.css
1 error-messaging.html
1 FormatError.java
1 PatchCcErrorTest.java
1 PatchErrorTest.java
1 testError_BodyTooLong.patch
1 testError_CcTruncatedOld.patch
1 testError_DisconnectedHunk.patch
1 testError_GarbageBetweenFiles.patch
1 testError_GitBinaryNoForwardHunk.patch
1 testError_TruncatedNew.patch
1 testError_TruncatedOld.patch
1 Moneybird.Error.html
1 Moneybird.Error_Array.html
1 Moneybird.HttpClient_ConnectionErrorException.html
1 Moneybird.ServerErrorException.html
1 ConnectionErrorException.php
1 check_bacula_errorvols
1 _validation_errors.html
1 error_overlay.gif
1 CompileErrorAction.java
1 ErrorContentProposal.java
1 ErrorWindow.h
1 ErrorWindow.m
1 ErrorWindowController.h
1 ErrorWindowController.m
1 ErrorWindow.xib
1 ErrorLogger.class.php
1 db_error.phpt
1 db_error2.phpt
1 10errormap.phpt
1 pear_error_handler.php
1 php_error_handler.php
1 error_log.phpt
1 Error404Action.class.php
1 Error404OtherSite.tpl
1 Error404OurFault.tpl
1 LoginError.tpl
1 CertifyError_notAllChecked.tpl
1 Error404OtherSiteView.class.php
1 Error404OurFaultView.class.php
1 LoginErrorView.class.php
1 errors.a
1 24-error.png
1 gle_error_message.js
1 shard_insert_getlasterror_w2.js
1 throw_error.ipp
1 error.ipp
1 error_demo.cpp
1 error_demo.vcproj
1 rails_request_error
1 new test error path function.xml
1 try catch error path.xml
1 ThrowError.cfm
1 016_class_errors_and_edge_cases.t
1 021_attribute_errors_and_edge_cases.t
1 EIJABB.MARC-Errorchecks.yml
1 storage_dbic_process_error.t
1 ValidateError.pm
1 error_handling.t
1 Moose_Object_error.t
1 attribute_errors_and_edge_cases.t
1 class_errors_and_edge_cases.t
1 immutable_constructor_error.t
1 custom_error_class.t
1 role_composition_errors.t
1 custom_type_errors.t
1 ErrorDocument.pm
1 error_document.t
1 error_document_streaming_app.t
1 ErrorsManager.java
1 ErrorsManager.class
1 error403.jsp
1 throwableerror.jsp
1 0_FeedBuilderTests-errors.html
1 MLFoundationErrors.h
1 MLFoundationErrorDomain.m
1 bootstrap-error.factor
1 linkage-errors.factor
1 strip-ui-error-hook.factor
1 error-list-docs.factor
1 error-list.factor
1 compiler-error.tiff
1 help-lint-error.tiff
1 linkage-error.tiff
1 syntax-error.tiff
1 unit-test-error.tiff
1 benchmark-error-messages
1 benchmark-error-vocabs
1 compiler-error-messages
1 compiler-errors
1 help-lint-errors
1 load-everything-errors
1 test-all-errors
1 customError.jsp
1 %%67^67E^67E1C58E%%error.tpl.php
1 utf8_errors.dat
1 pclerror.lib.php
1 patError.php
1 patErrorManager.php
1 ErrorArchiveStoreItem.java
1 SendMessageOnErrorCallback.java
1 ProbeError.java
1 ProtocolErrorMessage.java
1 ErrorTest.java
1 ProtocolError.java
1 CompileError.java
1 StorageError.java
1 SKTError.h
1 SKTError.m
1 SKTError.strings
1 enhanceerror_test.html
1 errorhandler.js
1 errorhandlerweakdep.js
1 errorhandler_async_test.html
1 errorhandler_test.html
1 errorreporter.js
1 errorreporter_test.html
1 error_test.html
1 errorcode.js
1 Errors.properties
1 LogError.java
1 SystemErrorException.java
1 file-field-error.png
1 AnError.pm
1 ErrorHtmlMessage.cs
1 ErrorMessage.cs
1 _ErrorList.spark
1 qerror.h
1 error-report.h
1 qerror.c
1 check-qerror.sh
1 mon-set-error.c
1 qemu-error.c
1 LastError.c
1 LastError.h
1 error_handler_spec.rb
1 RestRequestErrorEvent.java
1 RestRequestErrorHandler.java
1 DefaultErrorHandler.class
1 ErrorHandler.class
1 mkerrors.sh
1 mkerrors_nacl.sh
1 zerrors_darwin_386.go
1 zerrors_darwin_amd64.go
1 zerrors_freebsd_386.go
1 zerrors_freebsd_amd64.go
1 zerrors_linux_386.go
1 zerrors_linux_amd64.go
1 zerrors_linux_arm.go
1 zerrors_nacl_386.go
1 zerrors_windows_386.go
1 bgerror.n
1 error.n
1 tkerror.n
1 bgerror.3tcl
1 error.3tcl
1 tkerror.3tk
1 Ext.grid.showGridError.js
1 kmixdocked_error.png
1 errors.jsp
1 system_error
1 error_constants.h
1 Project_logger_error.tmSnippet
1 Rango_logger_error.tmSnippet
1 error-icon-small.png
1 error.tmSnippet
1 error (with args).plist
1 error2.html.haml
1 ruby_xml_error.c
1 ruby_xml_error.h
1 cancelledError.patch
1 info_error.tga
1 sakai.error.css
1 error_handlers_spec.rb
1 RWBErrors.html
1 api_error.rb
1 error.class.php
1 FormPuttyError.cs
1 FormPuttyError.Designer.cs
1 FormPuttyError.resx
1 error_button.png
1 lameerror.h
1 winerror.d
1 rsErrorHandler.class.php
1 ValidationErrorCode.cs
1 ValidationErrors.cs
1 ValidationErrorsTest.cs
1 ValidationErrorCode.java
1 ValidationErrors.java
1 ValidationErrorCodeTest.java
1 ValidationErrorsTest.java
1 ErrorPayment.java
1 ErrorPayment.vm
1 ErrorCustomer.java
1 ErrorCustomer.vm
1 braintree_error.py
1 invalid_signature_error.py
1 error_codes.rst
1 error_result.rst
1 validation_error.rst
1 validation_error_collection.rst
1 authentication_error.rst
1 authorization_error.rst
1 down_for_maintenance_error.rst
1 forged_query_string_error.rst
1 not_found_error.rst
1 server_error.rst
1 unexpected_error.rst
1 upgrade_required_error.rst
1 test_error_result.py
1 test_validation_error_collection.py
1 error_codes.rb
1 error_result.rb
1 validation_error.rb
1 validation_error_collection.rb
1 error_codes_spec.rb
1 error_result_spec.rb
1 validation_error_collection_spec.rb
1 validation_error_spec.rb
1 FieldErrors.java
1 error_messages_helper.rb
1 CheckNSError.cpp
1 block-syntax-error.c
1 error_reporting.sgml
1 gdbuserror.c
1 gdbuserror.h
1 gioerror.c
1 gioerror.h
1 gdbus-error.c
1 override-range-error.gschema.xml
1 override-type-error.gschema.xml
1 range-parse-error.gschema.xml
1 gerror.c
1 gerror.h
1 errorcheck-mutex-test.c
1 dialog-error.svg
1 testerrors.c
1 msg-error.png
1 txt-error.gif
1 opkg-gcc-4.3-error.patch
1 _error.html.haml
1 20090108205728_create_errors.rb
1 20090210124514_add_indexes_to_error.rb
1 errors_factory.rb
1 GetLastError.hpp
1 errored_clock.hpp
1 builtinError.C
1 error1.tsm
1 better_error_message.gemspec
1 better_error_message.rb
1 better_error_message_test.rb
1 ._expectation_error.rb
1 ._expectation_error_test.rb
1 error_api.h
1 error.clj
1 m_error.cc
1 Mac-Errors-1.14.tar.gz
1 bare_error.tt
1 errors.tt
1 internal-error.tt
1 error.as
1 http_error_spec.rb
1 http.error.dump
1 mp4error.h
1 05-error.t
1 wiimote_error.c
1 wiimote_error.h
1 extract_errors.pl
1 errors_no_alarm.txt
1 ErrorReports.pm
1 extract_error_dists.pl
1 summarize_errors.pl
1 error_dists.txt
1 remove_error_reports.pl
1 reset_error.html
1 20-error.t
1 sh_error.cls.php
1 error.rf.xml
1 observation_error.js.rjs
1 sign_in_error.js.rjs
1 notice-error.gif
1 geminstaller_access_error.rb
1 geminstaller_error.rb
1 missing_file_error.rb
1 unauthorized_dependency_prompt_error.rb
1 unexpected_prompt_error.rb
1 geminstaller_error_spec.rb
1 invalid_pattern_error.rb
1 error_cross.gif
1 errorcontainer-demo.html
1 importError.py
1 includeError.py
1 jsonErrorDebug.py~
1 icon-error-large.png
1 datamatrix_errormsg.png
1 gantt-locale-error.png
1 gantticon_error.png
1 ploticon_error.png
1 ErrorLinePlot.html
1 ErrorPlot.html
1 LineErrorPlot.html
1 Twig_Error.html
1 Twig_RuntimeError.html
1 Twig_Sandbox_SecurityError.html
1 Twig_SyntaxError.html
1 _Error.php.html
1 _RuntimeError.php.html
1 _Sandbox---SecurityError.php.html
1 _SyntaxError.php.html
1 error.chunk.html
1 mikrob_icon_error.png
1 action_errors
1 hash_error.html
1 search_error.html
1 search_error_zip_list.html
1 errorlog.php
1 error.xml.erb
1 error_pages.rb
1 04_error_handling.md
1 error_handling.raw
1 ErrorFormatter.h
1 ErrorPrinter.h
1 DatabaseErrorCodes.h
1 DatabaseErrorReporter.h
1 DatabaseErrorReporter.cpp
1 ErrorLog.pm
1 custom_error.html
1 tut10_http_errors.py
1 loginError.html
1 01-error_checking.t
1 DlgDbError.py
1 DlgDbError.ui
1 imap.errors
1 imap.last.error
1 mysql.error
1 odbc.error
1 odbc.errormsg
1 posix.get.last.error
1 posix.strerror
1 lo_errors.h
1 glGetError.tmSnippet
1 DBRecordError.php
1 error_messages.php
1 CascadingError.java
1 HttpClientError.java
1 disabled-hover-icon-log-error.png
1 disabled-hover-icon-sys-error.png
1 disabled-icon-log-error.png
1 disabled-icon-sys-error.png
1 hover-icon-log-error.png
1 hover-icon-sys-error.png
1 icon-log-error.png
1 icon-sys-error.png
1 SocketErrorException.cs
1 ErrorBar.cs
1 ErrorBarItem.cs
1 error-handler.js
1 error_log.txt
1 error_pages.css
1 vorbis-errors.txt.svn-base
1 03-parse_tapstream_error.t
1 JsonRpcError.cs
1 TestJsonRpcError.cs
1 error_wcma.html.erb
1 error.xpm
1 execerror.xpm
